<?xml version="1.0" encoding="UTF-8"?>
<!-- Generated by org.testng.reporters.JUnitXMLReporter -->
<testsuite hostname="CIS20" name="TC003_Desktop_WorkOrder_Page" tests="9" failures="0" timestamp="16 Aug 2015 05:39:07 GMT" time="315.832" errors="0">
  <testcase name="WorkOrder_SignIn" time="15.976" classname="Zoptusmodule.TC003_Desktop_WorkOrder_Page"/>
  <testcase name="WorkOrder_Details_Page" time="87.315" classname="Zoptusmodule.TC003_Desktop_WorkOrder_Page"/>
  <testcase name="WorkOrder_Documents_Page" time="96.317" classname="Zoptusmodule.TC003_Desktop_WorkOrder_Page"/>
  <testcase name="WorkOrder_IssueRegister_Page" time="9.153" classname="Zoptusmodule.TC003_Desktop_WorkOrder_Page"/>
  <testcase name="WorkOrder_Faults_Page" time="9.159" classname="Zoptusmodule.TC003_Desktop_WorkOrder_Page"/>
  <testcase name="WorkOrder_Snag_Page" time="9.148" classname="Zoptusmodule.TC003_Desktop_WorkOrder_Page"/>
  <testcase name="WorkOrder_MaterialOrder_Page" time="40.324" classname="Zoptusmodule.TC003_Desktop_WorkOrder_Page"/>
  <testcase name="WorkOrder_Milestones_Page" time="10.205" classname="Zoptusmodule.TC003_Desktop_WorkOrder_Page"/>
  <testcase name="WorkOrder_BudgetTracker_Page" time="35.547" classname="Zoptusmodule.TC003_Desktop_WorkOrder_Page"/>
</testsuite> <!-- TC003_Desktop_WorkOrder_Page -->
