<?xml version="1.0" encoding="UTF-8"?>
<!-- Generated by org.testng.reporters.JUnitXMLReporter -->
<testsuite hostname="CIS20" name="TC003_WorkOrder_Page" tests="9" failures="0" timestamp="9 Jul 2015 19:37:18 GMT" time="317.221" errors="0">
  <testcase name="WorkOrder_SignIn" time="12.222" classname="Zoptusmodule.TC003_Desktop_WorkOrder_Page"/>
  <testcase name="WorkOrder_Details_Page" time="90.148" classname="Zoptusmodule.TC003_Desktop_WorkOrder_Page"/>
  <testcase name="WorkOrder_Documents_Page" time="98.057" classname="Zoptusmodule.TC003_Desktop_WorkOrder_Page"/>
  <testcase name="WorkOrder_IssueRegister_Page" time="10.791" classname="Zoptusmodule.TC003_Desktop_WorkOrder_Page"/>
  <testcase name="WorkOrder_Faults_Page" time="10.934" classname="Zoptusmodule.TC003_Desktop_WorkOrder_Page"/>
  <testcase name="WorkOrder_Snag_Page" time="11.802" classname="Zoptusmodule.TC003_Desktop_WorkOrder_Page"/>
  <testcase name="WorkOrder_MaterialOrder_Page" time="28.366" classname="Zoptusmodule.TC003_Desktop_WorkOrder_Page"/>
  <testcase name="WorkOrder_Milestones_Page" time="14.571" classname="Zoptusmodule.TC003_Desktop_WorkOrder_Page"/>
  <testcase name="WorkOrder_BudgetTracker_Page" time="37.384" classname="Zoptusmodule.TC003_Desktop_WorkOrder_Page"/>
</testsuite> <!-- TC003_WorkOrder_Page -->
