<?xml version="1.0" encoding="UTF-8"?>
<!-- Generated by org.testng.reporters.JUnitXMLReporter -->
<testsuite hostname="CIS20" name="TC007_Maintanence_Page" tests="8" failures="0" timestamp="9 Jul 2015 19:46:24 GMT" time="198.084" errors="0">
  <testcase name="Maintanence_SignIn" time="14.505" classname="Zoptusmodule.TC007_Desktop_Maintanence_Page"/>
  <testcase name="Maintanence_UserAdmin_Page" time="29.449" classname="Zoptusmodule.TC007_Desktop_Maintanence_Page"/>
  <testcase name="Maintanence_UserEventLog_Page" time="17.078" classname="Zoptusmodule.TC007_Desktop_Maintanence_Page"/>
  <testcase name="Maintanence_Materials_Page" time="12.992" classname="Zoptusmodule.TC007_Desktop_Maintanence_Page"/>
  <testcase name="Maintanence_WorkTypeBudget_Page" time="34.152" classname="Zoptusmodule.TC007_Desktop_Maintanence_Page"/>
  <testcase name="Maintanence_ForAdmin_Page" time="22.064" classname="Zoptusmodule.TC007_Desktop_Maintanence_Page"/>
  <testcase name="Maintanence_BulkUpload_Page" time="49.768" classname="Zoptusmodule.TC007_Desktop_Maintanence_Page"/>
  <testcase name="Maintanence_ResourceMgnt_Page" time="14.31" classname="Zoptusmodule.TC007_Desktop_Maintanence_Page"/>
</testsuite> <!-- TC007_Maintanence_Page -->
