<?xml version="1.0" encoding="UTF-8"?>
<!-- Generated by org.testng.reporters.JUnitXMLReporter -->
<testsuite hostname="CIS20" name="TC005_Commercial_Page" tests="5" failures="0" timestamp="9 Jul 2015 19:40:06 GMT" time="87.483" errors="0">
  <testcase name="Commercial_SignIn" time="14.012" classname="Zoptusmodule.TC005_Desktop_Commercial_Page"/>
  <testcase name="Commercial_PurchaseOrder_Page" time="13.972" classname="Zoptusmodule.TC005_Desktop_Commercial_Page"/>
  <testcase name="Commercial_Claims_Page" time="25.924" classname="Zoptusmodule.TC005_Desktop_Commercial_Page"/>
  <testcase name="Commercial_RequestToClient_Page" time="13.393" classname="Zoptusmodule.TC005_Desktop_Commercial_Page"/>
  <testcase name="Commercial_RentalAgrmt_Page" time="16.743" classname="Zoptusmodule.TC005_Desktop_Commercial_Page"/>
</testsuite> <!-- TC005_Commercial_Page -->
