<?xml version="1.0" encoding="UTF-8"?>
<!-- Generated by org.testng.reporters.JUnitXMLReporter -->
<testsuite hostname="CIS20" name="TC005_Desktop_Commercial_Page" tests="5" failures="0" timestamp="16 Aug 2015 05:41:33 GMT" time="69.685" errors="0">
  <testcase name="Commercial_SignIn" time="15.615" classname="Zoptusmodule.TC005_Desktop_Commercial_Page"/>
  <testcase name="Commercial_PurchaseOrder_Page" time="10.16" classname="Zoptusmodule.TC005_Desktop_Commercial_Page"/>
  <testcase name="Commercial_Claims_Page" time="16.474" classname="Zoptusmodule.TC005_Desktop_Commercial_Page"/>
  <testcase name="Commercial_RequestToClient_Page" time="10.141" classname="Zoptusmodule.TC005_Desktop_Commercial_Page"/>
  <testcase name="Commercial_RentalAgrmt_Page" time="15.156" classname="Zoptusmodule.TC005_Desktop_Commercial_Page"/>
</testsuite> <!-- TC005_Desktop_Commercial_Page -->
