<?xml version="1.0" encoding="UTF-8"?>
<!-- Generated by org.testng.reporters.JUnitXMLReporter -->
<testsuite hostname="CIS20" name="TC007_Desktop_Maintanence_Page" tests="8" failures="0" timestamp="16 Aug 2015 05:47:27 GMT" time="185.213" errors="0">
  <testcase name="Maintanence_SignIn" time="15.862" classname="Zoptusmodule.TC007_Desktop_Maintanence_Page"/>
  <testcase name="Maintanence_UserAdmin_Page" time="24.006" classname="Zoptusmodule.TC007_Desktop_Maintanence_Page"/>
  <testcase name="Maintanence_UserEventLog_Page" time="15.21" classname="Zoptusmodule.TC007_Desktop_Maintanence_Page"/>
  <testcase name="Maintanence_Materials_Page" time="10.124" classname="Zoptusmodule.TC007_Desktop_Maintanence_Page"/>
  <testcase name="Maintanence_WorkTypeBudget_Page" time="33.747" classname="Zoptusmodule.TC007_Desktop_Maintanence_Page"/>
  <testcase name="Maintanence_ForAdmin_Page" time="20.307" classname="Zoptusmodule.TC007_Desktop_Maintanence_Page"/>
  <testcase name="Maintanence_BulkUpload_Page" time="45.723" classname="Zoptusmodule.TC007_Desktop_Maintanence_Page"/>
  <testcase name="Maintanence_ResourceMgnt_Page" time="17.519" classname="Zoptusmodule.TC007_Desktop_Maintanence_Page"/>
</testsuite> <!-- TC007_Desktop_Maintanence_Page -->
