<?xml version="1.0" encoding="UTF-8"?>
<!-- Generated by org.testng.reporters.JUnitXMLReporter -->
<testsuite hostname="CIS20" name="TC001_Desktop_SignIn_Page" tests="1" failures="0" timestamp="17 Aug 2015 05:41:33 GMT" time="24.314" errors="0">
  <testcase name="@AfterMethod OnFailure" time="0.0" classname="Zoptusmodule.TC001_Desktop_SignIn_Page">
    <failure type="java.lang.NullPointerException">
      <![CDATA[java.lang.NullPointerException
	at Zoptusmodule.TC001_Desktop_SignIn_Page.OnFailure(TC001_Desktop_SignIn_Page.java:106)
... Removed 26 stack frames]]>
    </failure>
  </testcase> <!-- @AfterMethod OnFailure -->
  <testcase name="@AfterTest Aft" time="0.0" classname="Zoptusmodule.TC001_Desktop_SignIn_Page">
    <skipped/>
  </testcase> <!-- @AfterTest Aft -->
  <testcase name="Desktop_SignInPage" time="21.761" classname="Zoptusmodule.TC001_Desktop_SignIn_Page"/>
</testsuite> <!-- TC001_Desktop_SignIn_Page -->
