<?xml version="1.0" encoding="UTF-8"?>
<!-- Generated by org.testng.reporters.JUnitXMLReporter -->
<testsuite hostname="CIS20" name="TC008_Reports_Page" tests="6" failures="0" timestamp="9 Jul 2015 19:48:26 GMT" time="122.126" errors="0">
  <testcase name="Reports_SignIn" time="14.973" classname="Zoptusmodule.TC008_Desktop_Reports_Page"/>
  <testcase name="Reports_PMO_Page" time="53.82" classname="Zoptusmodule.TC008_Desktop_Reports_Page"/>
  <testcase name="Reports_Finance_Page" time="11.973" classname="Zoptusmodule.TC008_Desktop_Reports_Page"/>
  <testcase name="Reports_Logistics_Page" time="11.878" classname="Zoptusmodule.TC008_Desktop_Reports_Page"/>
  <testcase name="Reports_Delivery_Page" time="11.943" classname="Zoptusmodule.TC008_Desktop_Reports_Page"/>
  <testcase name="Reports_ViewMap_Page" time="12.102" classname="Zoptusmodule.TC008_Desktop_Reports_Page"/>
</testsuite> <!-- TC008_Reports_Page -->
