<?xml version="1.0" encoding="UTF-8"?>
<!-- Generated by org.testng.reporters.JUnitXMLReporter -->
<testsuite hostname="CIS20" name="TC006_Desktop_ProjectManagement_Page" tests="9" failures="0" timestamp="16 Aug 2015 05:44:22 GMT" time="169.082" errors="0">
  <testcase name="ProjectMangement_SignIN" time="15.467" classname="Zoptusmodule.TC006_Desktop_ProjectManagement_Page"/>
  <testcase name="ProjectManagement_Tabs_Page" time="30.572" classname="Zoptusmodule.TC006_Desktop_ProjectManagement_Page"/>
  <testcase name="ProjectManagement_Prgm_Details_Page" time="36.702" classname="Zoptusmodule.TC006_Desktop_ProjectManagement_Page"/>
  <testcase name="ProjectManagement_Prgm_Documents_Page" time="25.192" classname="Zoptusmodule.TC006_Desktop_ProjectManagement_Page"/>
  <testcase name="ProjectManagement_Prgm_IssueRegister_Page" time="15.198" classname="Zoptusmodule.TC006_Desktop_ProjectManagement_Page"/>
  <testcase name="ProjectManagement_Documents_Page" time="10.123" classname="Zoptusmodule.TC006_Desktop_ProjectManagement_Page"/>
  <testcase name="ProjectManagement_IssueRegister_Page" time="10.128" classname="Zoptusmodule.TC006_Desktop_ProjectManagement_Page"/>
  <testcase name="ProjectManagement_Tags_Page" time="12.933" classname="Zoptusmodule.TC006_Desktop_ProjectManagement_Page"/>
  <testcase name="ProjectManagement_YearlyPrgmSummary_Page" time="10.117" classname="Zoptusmodule.TC006_Desktop_ProjectManagement_Page"/>
</testsuite> <!-- TC006_Desktop_ProjectManagement_Page -->
