<?xml version="1.0" encoding="UTF-8"?>
<!-- Generated by org.testng.reporters.JUnitXMLReporter -->
<testsuite hostname="CIS20" name="TC004_Desktop_Sites_Page" tests="5" failures="0" timestamp="16 Aug 2015 05:40:23 GMT" time="76.048" errors="0">
  <testcase name="Sites_SignIn" time="15.808" classname="Zoptusmodule.TC004_Desktop_Sites_Page"/>
  <testcase name="Sites_SiteDetails_Page" time="27.165" classname="Zoptusmodule.TC004_Desktop_Sites_Page"/>
  <testcase name="Sites_SiteDocuments_Page" time="10.134" classname="Zoptusmodule.TC004_Desktop_Sites_Page"/>
  <testcase name="Sites_IssueRegister_Page" time="10.142" classname="Zoptusmodule.TC004_Desktop_Sites_Page"/>
  <testcase name="Sites_Faults_Page" time="10.128" classname="Zoptusmodule.TC004_Desktop_Sites_Page"/>
</testsuite> <!-- TC004_Desktop_Sites_Page -->
