<?xml version="1.0" encoding="UTF-8"?>
<!-- Generated by org.testng.reporters.JUnitXMLReporter -->
<testsuite hostname="CIS20" name="TC008_Desktop_Reports_Page" tests="6" failures="0" timestamp="16 Aug 2015 05:49:39 GMT" time="131.851" errors="0">
  <testcase name="Reports_SignIn" time="20.582" classname="Zoptusmodule.TC008_Desktop_Reports_Page"/>
  <testcase name="Reports_PMO_Page" time="68.018" classname="Zoptusmodule.TC008_Desktop_Reports_Page"/>
  <testcase name="Reports_Finance_Page" time="10.155" classname="Zoptusmodule.TC008_Desktop_Reports_Page"/>
  <testcase name="Reports_Logistics_Page" time="10.138" classname="Zoptusmodule.TC008_Desktop_Reports_Page"/>
  <testcase name="Reports_Delivery_Page" time="10.137" classname="Zoptusmodule.TC008_Desktop_Reports_Page"/>
  <testcase name="Reports_ViewMap_Page" time="10.139" classname="Zoptusmodule.TC008_Desktop_Reports_Page"/>
</testsuite> <!-- TC008_Desktop_Reports_Page -->
