<?xml version="1.0" encoding="UTF-8"?>
<!-- Generated by org.testng.reporters.JUnitXMLReporter -->
<testsuite hostname="CIS20" name="TC015_Mobility_WorkMaterials_Page" tests="3" failures="0" timestamp="16 Aug 2015 05:59:28 GMT" time="75.048" errors="0">
  <testcase name="WorkMaterials_SignIn" time="26.954" classname="Zoptusmodule.TC015_Mobility_WorkMaterials_Page"/>
  <testcase name="Dashboard_WorkMaterials_Search" time="15.204" classname="Zoptusmodule.TC015_Mobility_WorkMaterials_Page"/>
  <testcase name="Workmaterials_Menu" time="30.224" classname="Zoptusmodule.TC015_Mobility_WorkMaterials_Page"/>
</testsuite> <!-- TC015_Mobility_WorkMaterials_Page -->
