<?xml version="1.0" encoding="UTF-8"?>
<!-- Generated by org.testng.reporters.JUnitXMLReporter -->
<testsuite hostname="CIS20" name="TC014_Mobility_IssueRegister_Page" tests="3" failures="0" timestamp="16 Aug 2015 05:58:13 GMT" time="64.492" errors="0">
  <testcase name="IssueRegister_SignIn" time="26.579" classname="Zoptusmodule.TC014_Mobility_IssueRegister_Page"/>
  <testcase name="Dashboard_IssueRegister_Search" time="25.102" classname="Zoptusmodule.TC014_Mobility_IssueRegister_Page"/>
  <testcase name="IssueRegister_Menu" time="10.123" classname="Zoptusmodule.TC014_Mobility_IssueRegister_Page"/>
</testsuite> <!-- TC014_Mobility_IssueRegister_Page -->
