<?xml version="1.0" encoding="UTF-8"?>
<!-- Generated by org.testng.reporters.JUnitXMLReporter -->
<testsuite hostname="CIS20" name="TC012_Mobility_WorkDetails_Page" tests="3" failures="0" timestamp="16 Aug 2015 05:56:04 GMT" time="60.685" errors="0">
  <testcase name="WorkDetails_SignIn" time="26.935" classname="Zoptusmodule.TC012_Mobility_WorkDetails_Page"/>
  <testcase name="Dashboard_WorkDetails_Search" time="25.096" classname="Zoptusmodule.TC012_Mobility_WorkDetails_Page"/>
  <testcase name="WorkDetails_Menu" time="5.169" classname="Zoptusmodule.TC012_Mobility_WorkDetails_Page"/>
</testsuite> <!-- TC012_Mobility_WorkDetails_Page -->
