<?xml version="1.0" encoding="UTF-8"?>
<!-- Generated by org.testng.reporters.JUnitXMLReporter -->
<testsuite hostname="CIS20" name="TC011_Mobility_Dashboard_Page" tests="14" failures="0" timestamp="16 Aug 2015 05:55:03 GMT" time="156.44" errors="0">
  <testcase name="Dashboard_SignIn" time="27.081" classname="Zoptusmodule.TC011_Mobility_Dashboard_Page"/>
  <testcase name="Dashboard_SiteDetail_Search" time="25.106" classname="Zoptusmodule.TC011_Mobility_Dashboard_Page"/>
  <testcase name="Dashboard_SiteDoc_Today" time="5.148" classname="Zoptusmodule.TC011_Mobility_Dashboard_Page"/>
  <testcase name="Dashboard_SiteDoc_Yesterday" time="5.096" classname="Zoptusmodule.TC011_Mobility_Dashboard_Page"/>
  <testcase name="Dashboard_SiteDoc_Lastweek" time="5.108" classname="Zoptusmodule.TC011_Mobility_Dashboard_Page"/>
  <testcase name="Dashboard_SiteDoc_InProgress" time="5.105" classname="Zoptusmodule.TC011_Mobility_Dashboard_Page"/>
  <testcase name="Dashboard_SiteDoc_Complete" time="5.076" classname="Zoptusmodule.TC011_Mobility_Dashboard_Page"/>
  <testcase name="Dashboard_SiteIssue_Today" time="5.075" classname="Zoptusmodule.TC011_Mobility_Dashboard_Page"/>
  <testcase name="Dashboard_SiteIssue_Yesterday" time="5.102" classname="Zoptusmodule.TC011_Mobility_Dashboard_Page"/>
  <testcase name="Dashboard_SiteIssue_Lastweek" time="5.09" classname="Zoptusmodule.TC011_Mobility_Dashboard_Page"/>
  <testcase name="Dashboard_SiteIssue_OpenHigh" time="15.181" classname="Zoptusmodule.TC011_Mobility_Dashboard_Page"/>
  <testcase name="Dashboard_SiteIssue_OpenMed" time="15.194" classname="Zoptusmodule.TC011_Mobility_Dashboard_Page"/>
  <testcase name="Dashboard_SiteIssue_OpenLow" time="15.189" classname="Zoptusmodule.TC011_Mobility_Dashboard_Page"/>
  <testcase name="Dashboard_SiteIssue_Complete" time="15.167" classname="Zoptusmodule.TC011_Mobility_Dashboard_Page"/>
</testsuite> <!-- TC011_Mobility_Dashboard_Page -->
