<?xml version="1.0" encoding="UTF-8"?>
<!-- Generated by org.testng.reporters.JUnitXMLReporter -->
<testsuite hostname="CIS20" name="TC013_Mobility_Documents_Page" tests="3" failures="0" timestamp="16 Aug 2015 05:57:09 GMT" time="64.551" errors="0">
  <testcase name="Documents_SignIn" time="26.626" classname="Zoptusmodule.TC013_Mobility_Documents_Page"/>
  <testcase name="Dashboard_Documents_Search" time="25.111" classname="Zoptusmodule.TC013_Mobility_Documents_Page"/>
  <testcase name="Documents_Menu" time="10.138" classname="Zoptusmodule.TC013_Mobility_Documents_Page"/>
</testsuite> <!-- TC013_Mobility_Documents_Page -->
