<?xml version="1.0" encoding="UTF-8"?>
<!-- Generated by org.testng.reporters.JUnitXMLReporter -->
<testsuite hostname="CIS20" name="TC009_UserProfile_Page" tests="5" failures="0" timestamp="8 Jul 2015 04:40:48 GMT" time="79.68" errors="0">
  <testcase name="UserProfile_SignIn" time="12.836" classname="Zoptusmodule.TC009_UserProfile_Page"/>
  <testcase name="UserProfile_EditProfile_Page" time="10.47" classname="Zoptusmodule.TC009_UserProfile_Page"/>
  <testcase name="UserProfile_TimeSheet_Page" time="27.074" classname="Zoptusmodule.TC009_UserProfile_Page"/>
  <testcase name="UserProfile_SwitchLogged_Page" time="20.315" classname="Zoptusmodule.TC009_UserProfile_Page"/>
  <testcase name="UserProfile_Logout_Page" time="5.928" classname="Zoptusmodule.TC009_UserProfile_Page"/>
</testsuite> <!-- TC009_UserProfile_Page -->
