<?xml version="1.0" encoding="UTF-8"?>
<!-- Generated by org.testng.reporters.JUnitXMLReporter -->
<testsuite hostname="CIS20" name="TC005_Commercial_Page" tests="5" failures="0" timestamp="8 Jul 2015 04:32:26 GMT" time="77.706" errors="0">
  <testcase name="Commercial_SignIn" time="13.191" classname="Zoptusmodule.TC005_Commercial_Page"/>
  <testcase name="Commercial_PurchaseOrder_Page" time="12.098" classname="Zoptusmodule.TC005_Commercial_Page"/>
  <testcase name="Commercial_Claims_Page" time="19.058" classname="Zoptusmodule.TC005_Commercial_Page"/>
  <testcase name="Commercial_RequestToClient_Page" time="13.477" classname="Zoptusmodule.TC005_Commercial_Page"/>
  <testcase name="Commercial_RentalAgrmt_Page" time="16.806" classname="Zoptusmodule.TC005_Commercial_Page"/>
</testsuite> <!-- TC005_Commercial_Page -->
