<?xml version="1.0" encoding="UTF-8"?>
<!-- Generated by org.testng.reporters.JUnitXMLReporter -->
<testsuite hostname="CIS20" name="TC004_Sites_Page" tests="5" failures="0" timestamp="8 Jul 2015 04:31:08 GMT" time="79.028" errors="0">
  <testcase name="Sites_SignIn" time="12.538" classname="Zoptusmodule.TC004_Sites_Page"/>
  <testcase name="Sites_SiteDetails_Page" time="27.395" classname="Zoptusmodule.TC004_Sites_Page"/>
  <testcase name="Sites_SiteDocuments_Page" time="11.724" classname="Zoptusmodule.TC004_Sites_Page"/>
  <testcase name="Sites_IssueRegister_Page" time="11.921" classname="Zoptusmodule.TC004_Sites_Page"/>
  <testcase name="Sites_Faults_Page" time="11.811" classname="Zoptusmodule.TC004_Sites_Page"/>
</testsuite> <!-- TC004_Sites_Page -->
