<?xml version="1.0" encoding="UTF-8"?>
<!-- Generated by org.testng.reporters.JUnitXMLReporter -->
<testsuite hostname="CIS20" name="TC007_Maintanence_Page" tests="8" failures="0" timestamp="8 Jul 2015 04:38:08 GMT" time="193.853" errors="0">
  <testcase name="Maintanence_SignIn" time="13.024" classname="Zoptusmodule.TC007_Maintanence_Page"/>
  <testcase name="Maintanence_UserAdmin_Page" time="29.423" classname="Zoptusmodule.TC007_Maintanence_Page"/>
  <testcase name="Maintanence_UserEventLog_Page" time="17.212" classname="Zoptusmodule.TC007_Maintanence_Page"/>
  <testcase name="Maintanence_Materials_Page" time="13.059" classname="Zoptusmodule.TC007_Maintanence_Page"/>
  <testcase name="Maintanence_WorkTypeBudget_Page" time="34.966" classname="Zoptusmodule.TC007_Maintanence_Page"/>
  <testcase name="Maintanence_ForAdmin_Page" time="21.969" classname="Zoptusmodule.TC007_Maintanence_Page"/>
  <testcase name="Maintanence_BulkUpload_Page" time="48.131" classname="Zoptusmodule.TC007_Maintanence_Page"/>
  <testcase name="Maintanence_ResourceMgnt_Page" time="13.08" classname="Zoptusmodule.TC007_Maintanence_Page"/>
</testsuite> <!-- TC007_Maintanence_Page -->
