<?xml version="1.0" encoding="UTF-8"?>
<testng-results skipped="0" failed="0" total="54" passed="54">
  <reporter-output>
    <line>
      <![CDATA[TC001_SignIn_Page : Alert popup - Mandatory Verification - PASSED]]>
    </line>
    <line>
      <![CDATA[TC001_SignIn_Page : Label Message - Invalid Data Verification - PASSED]]>
    </line>
    <line>
      <![CDATA[TC001_SignIn_Page : Alert popup - Mandatory Verification - PASSED]]>
    </line>
    <line>
      <![CDATA[TC001_SignIn_Page : Label Message - Invalid Data Verification - PASSED]]>
    </line>
    <line>
      <![CDATA[TC002_TOW_WorkOrder_Page : Label Message - Mandatory Verification - PASSED]]>
    </line>
    <line>
      <![CDATA[TC002_TOW_WorkOrder_Page : Label Message - Save Message Verification - PASSED]]>
    </line>
    <line>
      <![CDATA[TC002_TOW_WorkOrder_Page : Alert popup - Mandatory Verification - PASSED]]>
    </line>
    <line>
      <![CDATA[TC002_TOW_WorkOrder_Page : Alert popup - Mandatory Verification - PASSED]]>
    </line>
    <line>
      <![CDATA[TC002_TOW_WorkOrder_Page : Label Message - Save Message Verification - PASSED]]>
    </line>
    <line>
      <![CDATA[TC002_TOW_WorkOrder_Page : Alert popup - Mandatory Verification - PASSED]]>
    </line>
    <line>
      <![CDATA[TC002_TOW_WorkOrder_Page : Alert popup - Mandatory Verification - PASSED]]>
    </line>
    <line>
      <![CDATA[TC002_TOW_WorkOrder_Page : Alert popup - Mandatory Verification - PASSED]]>
    </line>
    <line>
      <![CDATA[TC002_TOW_WorkOrder_Page : Label Message - Invalid From Address - PASSED]]>
    </line>
    <line>
      <![CDATA[TC002_TOW_WorkOrder_Page : Label Message - Invalid To Address - PASSED]]>
    </line>
    <line>
      <![CDATA[TC002_TOW_WorkOrder_Page : Label Message - Invalid CC Address - PASSED]]>
    </line>
    <line>
      <![CDATA[TC002_TOW_WorkOrder_Page : Label Message - Update Message Verification - PASSED]]>
    </line>
    <line>
      <![CDATA[TC001_SignIn_Page : Alert popup - Mandatory Verification - PASSED]]>
    </line>
    <line>
      <![CDATA[TC001_SignIn_Page : Label Message - Invalid Data Verification - PASSED]]>
    </line>
    <line>
      <![CDATA[TC003_TOW_ScheduleItems_Page : Alert popup - Mandatory Verification - PASSED]]>
    </line>
    <line>
      <![CDATA[TC003_TOW_ScheduleItems_Page : Label Message - Save Message Verification - PASSED]]>
    </line>
    <line>
      <![CDATA[TC003_TOW_ScheduleItems_Page : Label Message - Update Message Verification - PASSED]]>
    </line>
    <line>
      <![CDATA[TC001_SignIn_Page : Alert popup - Mandatory Verification - PASSED]]>
    </line>
    <line>
      <![CDATA[TC001_SignIn_Page : Label Message - Invalid Data Verification - PASSED]]>
    </line>
    <line>
      <![CDATA[TC004_TOW_Technical1_Page : Label Message - Update Message Verification - PASSED]]>
    </line>
    <line>
      <![CDATA[TC001_SignIn_Page : Alert popup - Mandatory Verification - PASSED]]>
    </line>
    <line>
      <![CDATA[TC001_SignIn_Page : Label Message - Invalid Data Verification - PASSED]]>
    </line>
    <line>
      <![CDATA[TC005_TOW_Technical2_Page : Label Message - Update Message Verification - PASSED]]>
    </line>
    <line>
      <![CDATA[TC001_SignIn_Page : Alert popup - Mandatory Verification - PASSED]]>
    </line>
    <line>
      <![CDATA[TC001_SignIn_Page : Label Message - Invalid Data Verification - PASSED]]>
    </line>
    <line>
      <![CDATA[TC006_TOW_APPTTechnical_Page : Label Message - Update Message Verification - PASSED]]>
    </line>
    <line>
      <![CDATA[TC001_SignIn_Page : Alert popup - Mandatory Verification - PASSED]]>
    </line>
    <line>
      <![CDATA[TC001_SignIn_Page : Label Message - Invalid Data Verification - PASSED]]>
    </line>
    <line>
      <![CDATA[TC007_TOW_Stock_Page : Update Message Verification - PASSED]]>
    </line>
    <line>
      <![CDATA[TC007_TOW_Stock_Page : Alert popup - Mandatory Verification - PASSED]]>
    </line>
    <line>
      <![CDATA[TC007_TOW_Stock_Page : Alert popup - Mandatory Verification - PASSED]]>
    </line>
    <line>
      <![CDATA[TC007_TOW_Stock_Page : Label Message - Invalid From Address - PASSED]]>
    </line>
    <line>
      <![CDATA[TC007_TOW_Stock_Page : Label Message - Invalid To Address - PASSED]]>
    </line>
    <line>
      <![CDATA[TC007_TOW_Stock_Page : Label Message - Invalid CC Address - PASSED]]>
    </line>
    <line>
      <![CDATA[TC001_SignIn_Page : Alert popup - Mandatory Verification - PASSED]]>
    </line>
    <line>
      <![CDATA[TC001_SignIn_Page : Label Message - Invalid Data Verification - PASSED]]>
    </line>
    <line>
      <![CDATA[TC008_TOW_NonStandInstall_Page : Label Message - Update Message Verification - PASSED]]>
    </line>
    <line>
      <![CDATA[TC001_SignIn_Page : Alert popup - Mandatory Verification - PASSED]]>
    </line>
    <line>
      <![CDATA[TC001_SignIn_Page : Label Message - Invalid Data Verification - PASSED]]>
    </line>
    <line>
      <![CDATA[TC009_TOW_Documentation_Page : Label Message - Mandatory Verification - PASSED]]>
    </line>
    <line>
      <![CDATA[TC009_TOW_Documentation_Page : Label Message - Save Message Verification - PASSED]]>
    </line>
    <line>
      <![CDATA[TC009_TOW_Documentation_Page : Alert popup - Mandatory Verification - PASSED]]>
    </line>
    <line>
      <![CDATA[TC009_TOW_Documentation_Page : Alert popup - Mandatory Verification - PASSED]]>
    </line>
    <line>
      <![CDATA[TC009_TOW_Documentation_Page : Alert popup - Mandatory Verification - PASSED]]>
    </line>
    <line>
      <![CDATA[TC009_TOW_Documentation_Page : Label Message - Invalid From Address - PASSED]]>
    </line>
    <line>
      <![CDATA[TC009_TOW_Documentation_Page : Label Message - Invalid To Address - PASSED]]>
    </line>
    <line>
      <![CDATA[TC009_TOW_Documentation_Page : Label Message - Invalid CC Address - PASSED]]>
    </line>
    <line>
      <![CDATA[TC001_SignIn_Page : Alert popup - Mandatory Verification - PASSED]]>
    </line>
    <line>
      <![CDATA[TC001_SignIn_Page : Label Message - Invalid Data Verification - PASSED]]>
    </line>
    <line>
      <![CDATA[TC007_TOW_Stock_Page : Alert popup - Mandatory Verification - PASSED]]>
    </line>
    <line>
      <![CDATA[TC007_TOW_Stock_Page : Alert popup - Mandatory Verification - PASSED]]>
    </line>
    <line>
      <![CDATA[TC010_TOW_SendTOW_Page : Label Message - Invalid From Address - PASSED]]>
    </line>
    <line>
      <![CDATA[TC010_TOW_SendTOW_Page : Label Message - Invalid To Address - PASSED]]>
    </line>
    <line>
      <![CDATA[TC010_TOW_SendTOW_Page : Label Message - Invalid CC Address - PASSED]]>
    </line>
    <line>
      <![CDATA[TC001_SignIn_Page : Alert popup - Mandatory Verification - PASSED]]>
    </line>
    <line>
      <![CDATA[TC001_SignIn_Page : Label Message - Invalid Data Verification - PASSED]]>
    </line>
    <line>
      <![CDATA[TC001_SignIn_Page : Alert popup - Mandatory Verification - PASSED]]>
    </line>
    <line>
      <![CDATA[TC001_SignIn_Page : Label Message - Invalid Data Verification - PASSED]]>
    </line>
    <line>
      <![CDATA[TC001_SignIn_Page : Alert popup - Mandatory Verification - PASSED]]>
    </line>
    <line>
      <![CDATA[TC001_SignIn_Page : Label Message - Invalid Data Verification - PASSED]]>
    </line>
    <line>
      <![CDATA[TC013_Import_Page : Alert popup - Mandatory Verification - PASSED]]>
    </line>
    <line>
      <![CDATA[TC001_SignIn_Page : Alert popup - Mandatory Verification - PASSED]]>
    </line>
    <line>
      <![CDATA[TC001_SignIn_Page : Label Message - Invalid Data Verification - PASSED]]>
    </line>
    <line>
      <![CDATA[TC014_NewWorkOrder_Page : Alert popup - Mandatory Verification - PASSED]]>
    </line>
    <line>
      <![CDATA[TC014_NewWorkOrder_Page : Alert popup - Mandatory Verification - PASSED]]>
    </line>
    <line>
      <![CDATA[TC001_SignIn_Page : Alert popup - Mandatory Verification - PASSED]]>
    </line>
    <line>
      <![CDATA[TC001_SignIn_Page : Label Message - Invalid Data Verification - PASSED]]>
    </line>
    <line>
      <![CDATA[TC015_Schedule_Page : Alert popup - Mandatory Verification - PASSED]]>
    </line>
    <line>
      <![CDATA[TC001_SignIn_Page : Alert popup - Mandatory Verification - PASSED]]>
    </line>
    <line>
      <![CDATA[TC001_SignIn_Page : Label Message - Invalid Data Verification - PASSED]]>
    </line>
    <line>
      <![CDATA[TC016_PrintTOW_Page : Alert popup - Mandatory Verification - PASSED]]>
    </line>
    <line>
      <![CDATA[TC016_PrintTOW_Page : Alert popup - Mandatory Verification - PASSED]]>
    </line>
    <line>
      <![CDATA[TC016_PrintTOW_Page : Alert popup - Mandatory Verification - PASSED]]>
    </line>
    <line>
      <![CDATA[TC016_PrintTOW_Page : Label Message - Invalid From Address - PASSED]]>
    </line>
    <line>
      <![CDATA[TC016_PrintTOW_Page : Label Message - Invalid To Address - PASSED]]>
    </line>
    <line>
      <![CDATA[TC016_PrintTOW_Page : Label Message - Invalid CC Address - PASSED]]>
    </line>
    <line>
      <![CDATA[TC001_SignIn_Page : Alert popup - Mandatory Verification - PASSED]]>
    </line>
    <line>
      <![CDATA[TC001_SignIn_Page : Label Message - Invalid Data Verification - PASSED]]>
    </line>
    <line>
      <![CDATA[TC018_Invoice_Contr_Page : Label Message - Mandatory Verification - PASSED]]>
    </line>
    <line>
      <![CDATA[TC018_Invoice_Contr_Page : Label Message - Create Message Verification - PASSED]]>
    </line>
    <line>
      <![CDATA[TC018_Invoice_Contr_Page : Label Message - Save Message Verification - PASSED]]>
    </line>
    <line>
      <![CDATA[TC001_SignIn_Page : Alert popup - Mandatory Verification - PASSED]]>
    </line>
    <line>
      <![CDATA[TC001_SignIn_Page : Label Message - Invalid Data Verification - PASSED]]>
    </line>
    <line>
      <![CDATA[TC019_Invoices_Client_Page : Alert popup - Mandatory Verification - PASSED]]>
    </line>
    <line>
      <![CDATA[TC019_Invoices_Client_Page : Label Message - Save Message Verification - PASSED]]>
    </line>
    <line>
      <![CDATA[TC001_SignIn_Page : Alert popup - Mandatory Verification - PASSED]]>
    </line>
    <line>
      <![CDATA[TC001_SignIn_Page : Label Message - Invalid Data Verification - PASSED]]>
    </line>
    <line>
      <![CDATA[TC021_Security_Page : Label Message - Mandatory Verfication - PASSED]]>
    </line>
    <line>
      <![CDATA[TC021_Security_Page : Label Message - Mandatory Verfication - PASSED]]>
    </line>
    <line>
      <![CDATA[TC021_Security_Page : Label Message - Mandatory Verfication - PASSED]]>
    </line>
    <line>
      <![CDATA[TC021_Security_Page : Label Message - Mandatory Verfication - PASSED]]>
    </line>
    <line>
      <![CDATA[TC021_Security_Page : Label Message - Mandatory Verfication - PASSED]]>
    </line>
    <line>
      <![CDATA[TC021_Security_Page : Label Message - Mandatory Verfication - PASSED]]>
    </line>
    <line>
      <![CDATA[TC021_Security_Page : Alert popup - Mandatory Verification - PASSED]]>
    </line>
    <line>
      <![CDATA[TC001_SignIn_Page : Alert popup - Mandatory Verification - PASSED]]>
    </line>
    <line>
      <![CDATA[TC001_SignIn_Page : Label Message - Invalid Data Verification - PASSED]]>
    </line>
  </reporter-output>
  <suite name="Suite" duration-ms="2663380" started-at="2015-09-10T05:17:31Z" finished-at="2015-09-10T06:01:55Z">
    <groups>
    </groups>
    <test name="TC001_SignIn_Page" duration-ms="48957" started-at="2015-09-10T05:17:31Z" finished-at="2015-09-10T05:18:20Z">
      <class name="VisDSLModule.TC001_SignIn_Page">
        <test-method status="PASS" signature="bft()[pri:0, instance:VisDSLModule.TC001_SignIn_Page@4f9b8989]" name="bft" is-config="true" duration-ms="2446" started-at="2015-09-10T10:47:31Z" finished-at="2015-09-10T10:47:34Z">
          <reporter-output>
          </reporter-output>
        </test-method> <!-- bft -->
        <test-method status="PASS" signature="SignIn_Page()[pri:0, instance:VisDSLModule.TC001_SignIn_Page@4f9b8989]" name="SignIn_Page" duration-ms="45375" started-at="2015-09-10T10:47:34Z" finished-at="2015-09-10T10:48:19Z">
          <reporter-output>
            <line>
              <![CDATA[TC001_SignIn_Page : Alert popup - Mandatory Verification - PASSED]]>
            </line>
            <line>
              <![CDATA[TC001_SignIn_Page : Label Message - Invalid Data Verification - PASSED]]>
            </line>
          </reporter-output>
        </test-method> <!-- SignIn_Page -->
        <test-method status="PASS" signature="Aft()[pri:0, instance:VisDSLModule.TC001_SignIn_Page@4f9b8989]" name="Aft" is-config="true" duration-ms="1127" started-at="2015-09-10T10:48:19Z" finished-at="2015-09-10T10:48:20Z">
          <reporter-output>
          </reporter-output>
        </test-method> <!-- Aft -->
      </class> <!-- VisDSLModule.TC001_SignIn_Page -->
    </test> <!-- TC001_SignIn_Page -->
    <test name="TC002_TOW_WorkOrder_Page" duration-ms="302033" started-at="2015-09-10T05:18:20Z" finished-at="2015-09-10T05:23:22Z">
      <class name="VisDSLModule.TC002_TOW_WorkOrder_Page">
        <test-method status="PASS" signature="bft()[pri:0, instance:VisDSLModule.TC002_TOW_WorkOrder_Page@583f5cc3]" name="bft" is-config="true" duration-ms="1539" started-at="2015-09-10T10:48:20Z" finished-at="2015-09-10T10:48:22Z">
          <reporter-output>
          </reporter-output>
        </test-method> <!-- bft -->
        <test-method status="PASS" signature="TOW_SignIn_Page()[pri:0, instance:VisDSLModule.TC002_TOW_WorkOrder_Page@583f5cc3]" name="TOW_SignIn_Page" duration-ms="44103" started-at="2015-09-10T10:48:22Z" finished-at="2015-09-10T10:49:06Z">
          <reporter-output>
            <line>
              <![CDATA[TC001_SignIn_Page : Alert popup - Mandatory Verification - PASSED]]>
            </line>
            <line>
              <![CDATA[TC001_SignIn_Page : Label Message - Invalid Data Verification - PASSED]]>
            </line>
          </reporter-output>
        </test-method> <!-- TOW_SignIn_Page -->
        <test-method status="PASS" signature="TOW_WorkOrder_Page()[pri:0, instance:VisDSLModule.TC002_TOW_WorkOrder_Page@583f5cc3]" name="TOW_WorkOrder_Page" duration-ms="255260" started-at="2015-09-10T10:49:06Z" finished-at="2015-09-10T10:53:21Z">
          <reporter-output>
            <line>
              <![CDATA[TC002_TOW_WorkOrder_Page : Label Message - Mandatory Verification - PASSED]]>
            </line>
            <line>
              <![CDATA[TC002_TOW_WorkOrder_Page : Label Message - Save Message Verification - PASSED]]>
            </line>
            <line>
              <![CDATA[TC002_TOW_WorkOrder_Page : Alert popup - Mandatory Verification - PASSED]]>
            </line>
            <line>
              <![CDATA[TC002_TOW_WorkOrder_Page : Alert popup - Mandatory Verification - PASSED]]>
            </line>
            <line>
              <![CDATA[TC002_TOW_WorkOrder_Page : Label Message - Save Message Verification - PASSED]]>
            </line>
            <line>
              <![CDATA[TC002_TOW_WorkOrder_Page : Alert popup - Mandatory Verification - PASSED]]>
            </line>
            <line>
              <![CDATA[TC002_TOW_WorkOrder_Page : Alert popup - Mandatory Verification - PASSED]]>
            </line>
            <line>
              <![CDATA[TC002_TOW_WorkOrder_Page : Alert popup - Mandatory Verification - PASSED]]>
            </line>
            <line>
              <![CDATA[TC002_TOW_WorkOrder_Page : Label Message - Invalid From Address - PASSED]]>
            </line>
            <line>
              <![CDATA[TC002_TOW_WorkOrder_Page : Label Message - Invalid To Address - PASSED]]>
            </line>
            <line>
              <![CDATA[TC002_TOW_WorkOrder_Page : Label Message - Invalid CC Address - PASSED]]>
            </line>
            <line>
              <![CDATA[TC002_TOW_WorkOrder_Page : Label Message - Update Message Verification - PASSED]]>
            </line>
          </reporter-output>
        </test-method> <!-- TOW_WorkOrder_Page -->
        <test-method status="PASS" signature="Aft()[pri:0, instance:VisDSLModule.TC002_TOW_WorkOrder_Page@583f5cc3]" name="Aft" is-config="true" duration-ms="1130" started-at="2015-09-10T10:53:21Z" finished-at="2015-09-10T10:53:22Z">
          <reporter-output>
          </reporter-output>
        </test-method> <!-- Aft -->
      </class> <!-- VisDSLModule.TC002_TOW_WorkOrder_Page -->
    </test> <!-- TC002_TOW_WorkOrder_Page -->
    <test name="TC003_TOW_ScheduleItems_Page" duration-ms="118570" started-at="2015-09-10T05:23:22Z" finished-at="2015-09-10T05:25:21Z">
      <class name="VisDSLModule.TC003_TOW_ScheduleItems_Page">
        <test-method status="PASS" signature="bft()[pri:0, instance:VisDSLModule.TC003_TOW_ScheduleItems_Page@e03bd6]" name="bft" is-config="true" duration-ms="1515" started-at="2015-09-10T10:53:22Z" finished-at="2015-09-10T10:53:24Z">
          <reporter-output>
          </reporter-output>
        </test-method> <!-- bft -->
        <test-method status="PASS" signature="TOW_SignIn_Page()[pri:0, instance:VisDSLModule.TC003_TOW_ScheduleItems_Page@e03bd6]" name="TOW_SignIn_Page" duration-ms="43263" started-at="2015-09-10T10:53:24Z" finished-at="2015-09-10T10:54:07Z">
          <reporter-output>
            <line>
              <![CDATA[TC001_SignIn_Page : Alert popup - Mandatory Verification - PASSED]]>
            </line>
            <line>
              <![CDATA[TC001_SignIn_Page : Label Message - Invalid Data Verification - PASSED]]>
            </line>
          </reporter-output>
        </test-method> <!-- TOW_SignIn_Page -->
        <test-method status="PASS" signature="TOW_WorkOrder_Page()[pri:0, instance:VisDSLModule.TC003_TOW_ScheduleItems_Page@e03bd6]" name="TOW_WorkOrder_Page" duration-ms="25941" started-at="2015-09-10T10:54:07Z" finished-at="2015-09-10T10:54:33Z">
          <reporter-output>
          </reporter-output>
        </test-method> <!-- TOW_WorkOrder_Page -->
        <test-method status="PASS" signature="TOW_ScheduleItems_Page()[pri:0, instance:VisDSLModule.TC003_TOW_ScheduleItems_Page@e03bd6]" name="TOW_ScheduleItems_Page" duration-ms="46726" started-at="2015-09-10T10:54:33Z" finished-at="2015-09-10T10:55:20Z">
          <reporter-output>
            <line>
              <![CDATA[TC003_TOW_ScheduleItems_Page : Alert popup - Mandatory Verification - PASSED]]>
            </line>
            <line>
              <![CDATA[TC003_TOW_ScheduleItems_Page : Label Message - Save Message Verification - PASSED]]>
            </line>
            <line>
              <![CDATA[TC003_TOW_ScheduleItems_Page : Label Message - Update Message Verification - PASSED]]>
            </line>
          </reporter-output>
        </test-method> <!-- TOW_ScheduleItems_Page -->
        <test-method status="PASS" signature="Aft()[pri:0, instance:VisDSLModule.TC003_TOW_ScheduleItems_Page@e03bd6]" name="Aft" is-config="true" duration-ms="1125" started-at="2015-09-10T10:55:20Z" finished-at="2015-09-10T10:55:21Z">
          <reporter-output>
          </reporter-output>
        </test-method> <!-- Aft -->
      </class> <!-- VisDSLModule.TC003_TOW_ScheduleItems_Page -->
    </test> <!-- TC003_TOW_ScheduleItems_Page -->
    <test name="TC004_TOW_Technical1_Page" duration-ms="108035" started-at="2015-09-10T05:25:21Z" finished-at="2015-09-10T05:27:09Z">
      <class name="VisDSLModule.TC004_TOW_Technical1_Page">
        <test-method status="PASS" signature="bft()[pri:0, instance:VisDSLModule.TC004_TOW_Technical1_Page@4d9bbd1a]" name="bft" is-config="true" duration-ms="1474" started-at="2015-09-10T10:55:21Z" finished-at="2015-09-10T10:55:22Z">
          <reporter-output>
          </reporter-output>
        </test-method> <!-- bft -->
        <test-method status="PASS" signature="TOW_SignIn_Page()[pri:0, instance:VisDSLModule.TC004_TOW_Technical1_Page@4d9bbd1a]" name="TOW_SignIn_Page" duration-ms="43131" started-at="2015-09-10T10:55:22Z" finished-at="2015-09-10T10:56:05Z">
          <reporter-output>
            <line>
              <![CDATA[TC001_SignIn_Page : Alert popup - Mandatory Verification - PASSED]]>
            </line>
            <line>
              <![CDATA[TC001_SignIn_Page : Label Message - Invalid Data Verification - PASSED]]>
            </line>
          </reporter-output>
        </test-method> <!-- TOW_SignIn_Page -->
        <test-method status="PASS" signature="TOW_WorkOrder_Page()[pri:0, instance:VisDSLModule.TC004_TOW_Technical1_Page@4d9bbd1a]" name="TOW_WorkOrder_Page" duration-ms="26258" started-at="2015-09-10T10:56:05Z" finished-at="2015-09-10T10:56:32Z">
          <reporter-output>
          </reporter-output>
        </test-method> <!-- TOW_WorkOrder_Page -->
        <test-method status="PASS" signature="TOW_Technical1_Page()[pri:0, instance:VisDSLModule.TC004_TOW_Technical1_Page@4d9bbd1a]" name="TOW_Technical1_Page" duration-ms="36058" started-at="2015-09-10T10:56:32Z" finished-at="2015-09-10T10:57:08Z">
          <reporter-output>
            <line>
              <![CDATA[TC004_TOW_Technical1_Page : Label Message - Update Message Verification - PASSED]]>
            </line>
          </reporter-output>
        </test-method> <!-- TOW_Technical1_Page -->
        <test-method status="PASS" signature="Aft()[pri:0, instance:VisDSLModule.TC004_TOW_Technical1_Page@4d9bbd1a]" name="Aft" is-config="true" duration-ms="1114" started-at="2015-09-10T10:57:08Z" finished-at="2015-09-10T10:57:09Z">
          <reporter-output>
          </reporter-output>
        </test-method> <!-- Aft -->
      </class> <!-- VisDSLModule.TC004_TOW_Technical1_Page -->
    </test> <!-- TC004_TOW_Technical1_Page -->
    <test name="TC005_TOW_Technical2_Page" duration-ms="117978" started-at="2015-09-10T05:27:09Z" finished-at="2015-09-10T05:29:07Z">
      <class name="VisDSLModule.TC005_TOW_Technical2_Page">
        <test-method status="PASS" signature="bft()[pri:0, instance:VisDSLModule.TC005_TOW_Technical2_Page@2f74a57e]" name="bft" is-config="true" duration-ms="1527" started-at="2015-09-10T10:57:09Z" finished-at="2015-09-10T10:57:10Z">
          <reporter-output>
          </reporter-output>
        </test-method> <!-- bft -->
        <test-method status="PASS" signature="TOW_SignIn_Page()[pri:0, instance:VisDSLModule.TC005_TOW_Technical2_Page@2f74a57e]" name="TOW_SignIn_Page" duration-ms="43070" started-at="2015-09-10T10:57:10Z" finished-at="2015-09-10T10:57:53Z">
          <reporter-output>
            <line>
              <![CDATA[TC001_SignIn_Page : Alert popup - Mandatory Verification - PASSED]]>
            </line>
            <line>
              <![CDATA[TC001_SignIn_Page : Label Message - Invalid Data Verification - PASSED]]>
            </line>
          </reporter-output>
        </test-method> <!-- TOW_SignIn_Page -->
        <test-method status="PASS" signature="TOW_WorkOrder_Page()[pri:0, instance:VisDSLModule.TC005_TOW_Technical2_Page@2f74a57e]" name="TOW_WorkOrder_Page" duration-ms="25890" started-at="2015-09-10T10:57:53Z" finished-at="2015-09-10T10:58:19Z">
          <reporter-output>
          </reporter-output>
        </test-method> <!-- TOW_WorkOrder_Page -->
        <test-method status="PASS" signature="TOW_Technical2_Page()[pri:0, instance:VisDSLModule.TC005_TOW_Technical2_Page@2f74a57e]" name="TOW_Technical2_Page" duration-ms="46305" started-at="2015-09-10T10:58:19Z" finished-at="2015-09-10T10:59:06Z">
          <reporter-output>
            <line>
              <![CDATA[TC005_TOW_Technical2_Page : Label Message - Update Message Verification - PASSED]]>
            </line>
          </reporter-output>
        </test-method> <!-- TOW_Technical2_Page -->
        <test-method status="PASS" signature="Aft()[pri:0, instance:VisDSLModule.TC005_TOW_Technical2_Page@2f74a57e]" name="Aft" is-config="true" duration-ms="1186" started-at="2015-09-10T10:59:06Z" finished-at="2015-09-10T10:59:07Z">
          <reporter-output>
          </reporter-output>
        </test-method> <!-- Aft -->
      </class> <!-- VisDSLModule.TC005_TOW_Technical2_Page -->
    </test> <!-- TC005_TOW_Technical2_Page -->
    <test name="TC006_TOW_APPTTechnical_Page" duration-ms="112722" started-at="2015-09-10T05:29:07Z" finished-at="2015-09-10T05:31:00Z">
      <class name="VisDSLModule.TC006_TOW_APPTTechnical_Page">
        <test-method status="PASS" signature="bft()[pri:0, instance:VisDSLModule.TC006_TOW_APPTTechnical_Page@6fe90d95]" name="bft" is-config="true" duration-ms="1713" started-at="2015-09-10T10:59:07Z" finished-at="2015-09-10T10:59:09Z">
          <reporter-output>
          </reporter-output>
        </test-method> <!-- bft -->
        <test-method status="PASS" signature="TOW_SignIn_Page()[pri:0, instance:VisDSLModule.TC006_TOW_APPTTechnical_Page@6fe90d95]" name="TOW_SignIn_Page" duration-ms="43205" started-at="2015-09-10T10:59:09Z" finished-at="2015-09-10T10:59:52Z">
          <reporter-output>
            <line>
              <![CDATA[TC001_SignIn_Page : Alert popup - Mandatory Verification - PASSED]]>
            </line>
            <line>
              <![CDATA[TC001_SignIn_Page : Label Message - Invalid Data Verification - PASSED]]>
            </line>
          </reporter-output>
        </test-method> <!-- TOW_SignIn_Page -->
        <test-method status="PASS" signature="TOW_WorkOrder_Page()[pri:0, instance:VisDSLModule.TC006_TOW_APPTTechnical_Page@6fe90d95]" name="TOW_WorkOrder_Page" duration-ms="25870" started-at="2015-09-10T10:59:52Z" finished-at="2015-09-10T11:00:18Z">
          <reporter-output>
          </reporter-output>
        </test-method> <!-- TOW_WorkOrder_Page -->
        <test-method status="PASS" signature="TOW_APPTTechnical_Page()[pri:0, instance:VisDSLModule.TC006_TOW_APPTTechnical_Page@6fe90d95]" name="TOW_APPTTechnical_Page" duration-ms="40772" started-at="2015-09-10T11:00:18Z" finished-at="2015-09-10T11:00:58Z">
          <reporter-output>
            <line>
              <![CDATA[TC006_TOW_APPTTechnical_Page : Label Message - Update Message Verification - PASSED]]>
            </line>
          </reporter-output>
        </test-method> <!-- TOW_APPTTechnical_Page -->
        <test-method status="PASS" signature="Aft()[pri:0, instance:VisDSLModule.TC006_TOW_APPTTechnical_Page@6fe90d95]" name="Aft" is-config="true" duration-ms="1160" started-at="2015-09-10T11:00:58Z" finished-at="2015-09-10T11:01:00Z">
          <reporter-output>
          </reporter-output>
        </test-method> <!-- Aft -->
      </class> <!-- VisDSLModule.TC006_TOW_APPTTechnical_Page -->
    </test> <!-- TC006_TOW_APPTTechnical_Page -->
    <test name="TC007_TOW_Stock_Page" duration-ms="148872" started-at="2015-09-10T05:31:00Z" finished-at="2015-09-10T05:33:28Z">
      <class name="VisDSLModule.TC007_TOW_Stock_Page">
        <test-method status="PASS" signature="bft()[pri:0, instance:VisDSLModule.TC007_TOW_Stock_Page@7958e458]" name="bft" is-config="true" duration-ms="1586" started-at="2015-09-10T11:01:00Z" finished-at="2015-09-10T11:01:01Z">
          <reporter-output>
          </reporter-output>
        </test-method> <!-- bft -->
        <test-method status="PASS" signature="TOW_SignIn_Page()[pri:0, instance:VisDSLModule.TC007_TOW_Stock_Page@7958e458]" name="TOW_SignIn_Page" duration-ms="43107" started-at="2015-09-10T11:01:01Z" finished-at="2015-09-10T11:01:44Z">
          <reporter-output>
            <line>
              <![CDATA[TC001_SignIn_Page : Alert popup - Mandatory Verification - PASSED]]>
            </line>
            <line>
              <![CDATA[TC001_SignIn_Page : Label Message - Invalid Data Verification - PASSED]]>
            </line>
          </reporter-output>
        </test-method> <!-- TOW_SignIn_Page -->
        <test-method status="PASS" signature="TOW_WorkOrder_Page()[pri:0, instance:VisDSLModule.TC007_TOW_Stock_Page@7958e458]" name="TOW_WorkOrder_Page" duration-ms="25897" started-at="2015-09-10T11:01:44Z" finished-at="2015-09-10T11:02:10Z">
          <reporter-output>
          </reporter-output>
        </test-method> <!-- TOW_WorkOrder_Page -->
        <test-method status="PASS" signature="TOW_Stock_Page()[pri:0, instance:VisDSLModule.TC007_TOW_Stock_Page@7958e458]" name="TOW_Stock_Page" duration-ms="77107" started-at="2015-09-10T11:02:10Z" finished-at="2015-09-10T11:03:27Z">
          <reporter-output>
            <line>
              <![CDATA[TC007_TOW_Stock_Page : Update Message Verification - PASSED]]>
            </line>
            <line>
              <![CDATA[TC007_TOW_Stock_Page : Alert popup - Mandatory Verification - PASSED]]>
            </line>
            <line>
              <![CDATA[TC007_TOW_Stock_Page : Alert popup - Mandatory Verification - PASSED]]>
            </line>
            <line>
              <![CDATA[TC007_TOW_Stock_Page : Label Message - Invalid From Address - PASSED]]>
            </line>
            <line>
              <![CDATA[TC007_TOW_Stock_Page : Label Message - Invalid To Address - PASSED]]>
            </line>
            <line>
              <![CDATA[TC007_TOW_Stock_Page : Label Message - Invalid CC Address - PASSED]]>
            </line>
          </reporter-output>
        </test-method> <!-- TOW_Stock_Page -->
        <test-method status="PASS" signature="Aft()[pri:0, instance:VisDSLModule.TC007_TOW_Stock_Page@7958e458]" name="Aft" is-config="true" duration-ms="1175" started-at="2015-09-10T11:03:27Z" finished-at="2015-09-10T11:03:28Z">
          <reporter-output>
          </reporter-output>
        </test-method> <!-- Aft -->
      </class> <!-- VisDSLModule.TC007_TOW_Stock_Page -->
    </test> <!-- TC007_TOW_Stock_Page -->
    <test name="TC008_TOW_NonStandInstall_Page" duration-ms="102443" started-at="2015-09-10T05:33:28Z" finished-at="2015-09-10T05:35:11Z">
      <class name="VisDSLModule.TC008_TOW_NonStandInstall_Page">
        <test-method status="PASS" signature="bft()[pri:0, instance:VisDSLModule.TC008_TOW_NonStandInstall_Page@26e35d06]" name="bft" is-config="true" duration-ms="1766" started-at="2015-09-10T11:03:28Z" finished-at="2015-09-10T11:03:30Z">
          <reporter-output>
          </reporter-output>
        </test-method> <!-- bft -->
        <test-method status="PASS" signature="TOW_SignIn_Page()[pri:0, instance:VisDSLModule.TC008_TOW_NonStandInstall_Page@26e35d06]" name="TOW_SignIn_Page" duration-ms="43100" started-at="2015-09-10T11:03:30Z" finished-at="2015-09-10T11:04:13Z">
          <reporter-output>
            <line>
              <![CDATA[TC001_SignIn_Page : Alert popup - Mandatory Verification - PASSED]]>
            </line>
            <line>
              <![CDATA[TC001_SignIn_Page : Label Message - Invalid Data Verification - PASSED]]>
            </line>
          </reporter-output>
        </test-method> <!-- TOW_SignIn_Page -->
        <test-method status="PASS" signature="TOW_WorkOrder_Page()[pri:0, instance:VisDSLModule.TC008_TOW_NonStandInstall_Page@26e35d06]" name="TOW_WorkOrder_Page" duration-ms="25808" started-at="2015-09-10T11:04:13Z" finished-at="2015-09-10T11:04:39Z">
          <reporter-output>
          </reporter-output>
        </test-method> <!-- TOW_WorkOrder_Page -->
        <test-method status="PASS" signature="TOW_NonstandInstall_Page()[pri:0, instance:VisDSLModule.TC008_TOW_NonStandInstall_Page@26e35d06]" name="TOW_NonstandInstall_Page" duration-ms="30616" started-at="2015-09-10T11:04:39Z" finished-at="2015-09-10T11:05:10Z">
          <reporter-output>
            <line>
              <![CDATA[TC008_TOW_NonStandInstall_Page : Label Message - Update Message Verification - PASSED]]>
            </line>
          </reporter-output>
        </test-method> <!-- TOW_NonstandInstall_Page -->
        <test-method status="PASS" signature="Aft()[pri:0, instance:VisDSLModule.TC008_TOW_NonStandInstall_Page@26e35d06]" name="Aft" is-config="true" duration-ms="1153" started-at="2015-09-10T11:05:10Z" finished-at="2015-09-10T11:05:11Z">
          <reporter-output>
          </reporter-output>
        </test-method> <!-- Aft -->
      </class> <!-- VisDSLModule.TC008_TOW_NonStandInstall_Page -->
    </test> <!-- TC008_TOW_NonStandInstall_Page -->
    <test name="TC009_TOW_Documentation_Page" duration-ms="163567" started-at="2015-09-10T05:35:11Z" finished-at="2015-09-10T05:37:55Z">
      <class name="VisDSLModule.TC009_TOW_Documentation_Page">
        <test-method status="PASS" signature="bft()[pri:0, instance:VisDSLModule.TC009_TOW_Documentation_Page@646229b3]" name="bft" is-config="true" duration-ms="1248" started-at="2015-09-10T11:05:11Z" finished-at="2015-09-10T11:05:12Z">
          <reporter-output>
          </reporter-output>
        </test-method> <!-- bft -->
        <test-method status="PASS" signature="TOW_SignIn_Page()[pri:0, instance:VisDSLModule.TC009_TOW_Documentation_Page@646229b3]" name="TOW_SignIn_Page" duration-ms="43059" started-at="2015-09-10T11:05:12Z" finished-at="2015-09-10T11:05:55Z">
          <reporter-output>
            <line>
              <![CDATA[TC001_SignIn_Page : Alert popup - Mandatory Verification - PASSED]]>
            </line>
            <line>
              <![CDATA[TC001_SignIn_Page : Label Message - Invalid Data Verification - PASSED]]>
            </line>
          </reporter-output>
        </test-method> <!-- TOW_SignIn_Page -->
        <test-method status="PASS" signature="TOW_WorkOrder_Page()[pri:0, instance:VisDSLModule.TC009_TOW_Documentation_Page@646229b3]" name="TOW_WorkOrder_Page" duration-ms="25837" started-at="2015-09-10T11:05:55Z" finished-at="2015-09-10T11:06:21Z">
          <reporter-output>
          </reporter-output>
        </test-method> <!-- TOW_WorkOrder_Page -->
        <test-method status="PASS" signature="TOW_Documentation_Page()[pri:0, instance:VisDSLModule.TC009_TOW_Documentation_Page@646229b3]" name="TOW_Documentation_Page" duration-ms="92311" started-at="2015-09-10T11:06:21Z" finished-at="2015-09-10T11:07:53Z">
          <reporter-output>
            <line>
              <![CDATA[TC009_TOW_Documentation_Page : Label Message - Mandatory Verification - PASSED]]>
            </line>
            <line>
              <![CDATA[TC009_TOW_Documentation_Page : Label Message - Save Message Verification - PASSED]]>
            </line>
            <line>
              <![CDATA[TC009_TOW_Documentation_Page : Alert popup - Mandatory Verification - PASSED]]>
            </line>
            <line>
              <![CDATA[TC009_TOW_Documentation_Page : Alert popup - Mandatory Verification - PASSED]]>
            </line>
            <line>
              <![CDATA[TC009_TOW_Documentation_Page : Alert popup - Mandatory Verification - PASSED]]>
            </line>
            <line>
              <![CDATA[TC009_TOW_Documentation_Page : Label Message - Invalid From Address - PASSED]]>
            </line>
            <line>
              <![CDATA[TC009_TOW_Documentation_Page : Label Message - Invalid To Address - PASSED]]>
            </line>
            <line>
              <![CDATA[TC009_TOW_Documentation_Page : Label Message - Invalid CC Address - PASSED]]>
            </line>
          </reporter-output>
        </test-method> <!-- TOW_Documentation_Page -->
        <test-method status="PASS" signature="Aft()[pri:0, instance:VisDSLModule.TC009_TOW_Documentation_Page@646229b3]" name="Aft" is-config="true" duration-ms="1111" started-at="2015-09-10T11:07:53Z" finished-at="2015-09-10T11:07:55Z">
          <reporter-output>
          </reporter-output>
        </test-method> <!-- Aft -->
      </class> <!-- VisDSLModule.TC009_TOW_Documentation_Page -->
    </test> <!-- TC009_TOW_Documentation_Page -->
    <test name="TC010_TOW_SendTOW_Page" duration-ms="133270" started-at="2015-09-10T05:37:55Z" finished-at="2015-09-10T05:40:08Z">
      <class name="VisDSLModule.TC010_TOW_SendTOW_Page">
        <test-method status="PASS" signature="bft()[pri:0, instance:VisDSLModule.TC010_TOW_SendTOW_Page@2d2c6ed8]" name="bft" is-config="true" duration-ms="1648" started-at="2015-09-10T11:07:55Z" finished-at="2015-09-10T11:07:56Z">
          <reporter-output>
          </reporter-output>
        </test-method> <!-- bft -->
        <test-method status="PASS" signature="TOW_SignIn_Page()[pri:0, instance:VisDSLModule.TC010_TOW_SendTOW_Page@2d2c6ed8]" name="TOW_SignIn_Page" duration-ms="43142" started-at="2015-09-10T11:07:56Z" finished-at="2015-09-10T11:08:39Z">
          <reporter-output>
            <line>
              <![CDATA[TC001_SignIn_Page : Alert popup - Mandatory Verification - PASSED]]>
            </line>
            <line>
              <![CDATA[TC001_SignIn_Page : Label Message - Invalid Data Verification - PASSED]]>
            </line>
          </reporter-output>
        </test-method> <!-- TOW_SignIn_Page -->
        <test-method status="PASS" signature="TOW_WorkOrder_Page()[pri:0, instance:VisDSLModule.TC010_TOW_SendTOW_Page@2d2c6ed8]" name="TOW_WorkOrder_Page" duration-ms="25824" started-at="2015-09-10T11:08:39Z" finished-at="2015-09-10T11:09:05Z">
          <reporter-output>
          </reporter-output>
        </test-method> <!-- TOW_WorkOrder_Page -->
        <test-method status="PASS" signature="TOW_SendTOW_Page()[pri:0, instance:VisDSLModule.TC010_TOW_SendTOW_Page@2d2c6ed8]" name="TOW_SendTOW_Page" duration-ms="61552" started-at="2015-09-10T11:09:05Z" finished-at="2015-09-10T11:10:07Z">
          <reporter-output>
            <line>
              <![CDATA[TC007_TOW_Stock_Page : Alert popup - Mandatory Verification - PASSED]]>
            </line>
            <line>
              <![CDATA[TC007_TOW_Stock_Page : Alert popup - Mandatory Verification - PASSED]]>
            </line>
            <line>
              <![CDATA[TC010_TOW_SendTOW_Page : Label Message - Invalid From Address - PASSED]]>
            </line>
            <line>
              <![CDATA[TC010_TOW_SendTOW_Page : Label Message - Invalid To Address - PASSED]]>
            </line>
            <line>
              <![CDATA[TC010_TOW_SendTOW_Page : Label Message - Invalid CC Address - PASSED]]>
            </line>
          </reporter-output>
        </test-method> <!-- TOW_SendTOW_Page -->
        <test-method status="PASS" signature="Aft()[pri:0, instance:VisDSLModule.TC010_TOW_SendTOW_Page@2d2c6ed8]" name="Aft" is-config="true" duration-ms="1104" started-at="2015-09-10T11:10:07Z" finished-at="2015-09-10T11:10:08Z">
          <reporter-output>
          </reporter-output>
        </test-method> <!-- Aft -->
      </class> <!-- VisDSLModule.TC010_TOW_SendTOW_Page -->
    </test> <!-- TC010_TOW_SendTOW_Page -->
    <test name="TC011_TOW_Copy_Page" duration-ms="81973" started-at="2015-09-10T05:40:08Z" finished-at="2015-09-10T05:41:30Z">
      <class name="VisDSLModule.TC011_TOW_Copy_Page">
        <test-method status="PASS" signature="bft()[pri:0, instance:VisDSLModule.TC011_TOW_Copy_Page@7f516197]" name="bft" is-config="true" duration-ms="1641" started-at="2015-09-10T11:10:08Z" finished-at="2015-09-10T11:10:09Z">
          <reporter-output>
          </reporter-output>
        </test-method> <!-- bft -->
        <test-method status="PASS" signature="TOW_SignIn_Page()[pri:0, instance:VisDSLModule.TC011_TOW_Copy_Page@7f516197]" name="TOW_SignIn_Page" duration-ms="43145" started-at="2015-09-10T11:10:09Z" finished-at="2015-09-10T11:10:53Z">
          <reporter-output>
            <line>
              <![CDATA[TC001_SignIn_Page : Alert popup - Mandatory Verification - PASSED]]>
            </line>
            <line>
              <![CDATA[TC001_SignIn_Page : Label Message - Invalid Data Verification - PASSED]]>
            </line>
          </reporter-output>
        </test-method> <!-- TOW_SignIn_Page -->
        <test-method status="PASS" signature="TOW_WorkOrder_Page()[pri:0, instance:VisDSLModule.TC011_TOW_Copy_Page@7f516197]" name="TOW_WorkOrder_Page" duration-ms="25866" started-at="2015-09-10T11:10:53Z" finished-at="2015-09-10T11:11:18Z">
          <reporter-output>
          </reporter-output>
        </test-method> <!-- TOW_WorkOrder_Page -->
        <test-method status="PASS" signature="TOW_Copy_Page()[pri:0, instance:VisDSLModule.TC011_TOW_Copy_Page@7f516197]" name="TOW_Copy_Page" duration-ms="10153" started-at="2015-09-10T11:11:18Z" finished-at="2015-09-10T11:11:29Z">
          <reporter-output>
          </reporter-output>
        </test-method> <!-- TOW_Copy_Page -->
        <test-method status="PASS" signature="Aft()[pri:0, instance:VisDSLModule.TC011_TOW_Copy_Page@7f516197]" name="Aft" is-config="true" duration-ms="1168" started-at="2015-09-10T11:11:29Z" finished-at="2015-09-10T11:11:30Z">
          <reporter-output>
          </reporter-output>
        </test-method> <!-- Aft -->
      </class> <!-- VisDSLModule.TC011_TOW_Copy_Page -->
    </test> <!-- TC011_TOW_Copy_Page -->
    <test name="TC012_TOW_Delete_Page" duration-ms="82282" started-at="2015-09-10T05:41:30Z" finished-at="2015-09-10T05:42:52Z">
      <class name="VisDSLModule.TC012_TOW_Delete_Page">
        <test-method status="PASS" signature="bft()[pri:0, instance:VisDSLModule.TC012_TOW_Delete_Page@8bc713e]" name="bft" is-config="true" duration-ms="1600" started-at="2015-09-10T11:11:30Z" finished-at="2015-09-10T11:11:31Z">
          <reporter-output>
          </reporter-output>
        </test-method> <!-- bft -->
        <test-method status="PASS" signature="TOW_SignIn_Page()[pri:0, instance:VisDSLModule.TC012_TOW_Delete_Page@8bc713e]" name="TOW_SignIn_Page" duration-ms="43624" started-at="2015-09-10T11:11:31Z" finished-at="2015-09-10T11:12:15Z">
          <reporter-output>
            <line>
              <![CDATA[TC001_SignIn_Page : Alert popup - Mandatory Verification - PASSED]]>
            </line>
            <line>
              <![CDATA[TC001_SignIn_Page : Label Message - Invalid Data Verification - PASSED]]>
            </line>
          </reporter-output>
        </test-method> <!-- TOW_SignIn_Page -->
        <test-method status="PASS" signature="TOW_WorkOrder_Page()[pri:0, instance:VisDSLModule.TC012_TOW_Delete_Page@8bc713e]" name="TOW_WorkOrder_Page" duration-ms="25828" started-at="2015-09-10T11:12:15Z" finished-at="2015-09-10T11:12:41Z">
          <reporter-output>
          </reporter-output>
        </test-method> <!-- TOW_WorkOrder_Page -->
        <test-method status="PASS" signature="TOW_Delete_Page()[pri:0, instance:VisDSLModule.TC012_TOW_Delete_Page@8bc713e]" name="TOW_Delete_Page" duration-ms="10138" started-at="2015-09-10T11:12:41Z" finished-at="2015-09-10T11:12:51Z">
          <reporter-output>
          </reporter-output>
        </test-method> <!-- TOW_Delete_Page -->
        <test-method status="PASS" signature="Aft()[pri:0, instance:VisDSLModule.TC012_TOW_Delete_Page@8bc713e]" name="Aft" is-config="true" duration-ms="1092" started-at="2015-09-10T11:12:51Z" finished-at="2015-09-10T11:12:52Z">
          <reporter-output>
          </reporter-output>
        </test-method> <!-- Aft -->
      </class> <!-- VisDSLModule.TC012_TOW_Delete_Page -->
    </test> <!-- TC012_TOW_Delete_Page -->
    <test name="TC013_Import_Page" duration-ms="80696" started-at="2015-09-10T05:42:52Z" finished-at="2015-09-10T05:44:13Z">
      <class name="VisDSLModule.TC013_Import_Page">
        <test-method status="PASS" signature="bft()[pri:0, instance:VisDSLModule.TC013_Import_Page@106f26bb]" name="bft" is-config="true" duration-ms="1010" started-at="2015-09-10T11:12:52Z" finished-at="2015-09-10T11:12:53Z">
          <reporter-output>
          </reporter-output>
        </test-method> <!-- bft -->
        <test-method status="PASS" signature="TOW_SignIn_Page()[pri:0, instance:VisDSLModule.TC013_Import_Page@106f26bb]" name="TOW_SignIn_Page" duration-ms="42821" started-at="2015-09-10T11:12:53Z" finished-at="2015-09-10T11:13:36Z">
          <reporter-output>
            <line>
              <![CDATA[TC001_SignIn_Page : Alert popup - Mandatory Verification - PASSED]]>
            </line>
            <line>
              <![CDATA[TC001_SignIn_Page : Label Message - Invalid Data Verification - PASSED]]>
            </line>
          </reporter-output>
        </test-method> <!-- TOW_SignIn_Page -->
        <test-method status="PASS" signature="TOW_Import_Page()[pri:0, instance:VisDSLModule.TC013_Import_Page@106f26bb]" name="TOW_Import_Page" duration-ms="35635" started-at="2015-09-10T11:13:36Z" finished-at="2015-09-10T11:14:12Z">
          <reporter-output>
            <line>
              <![CDATA[TC013_Import_Page : Alert popup - Mandatory Verification - PASSED]]>
            </line>
          </reporter-output>
        </test-method> <!-- TOW_Import_Page -->
        <test-method status="PASS" signature="Aft()[pri:0, instance:VisDSLModule.TC013_Import_Page@106f26bb]" name="Aft" is-config="true" duration-ms="1230" started-at="2015-09-10T11:14:12Z" finished-at="2015-09-10T11:14:13Z">
          <reporter-output>
          </reporter-output>
        </test-method> <!-- Aft -->
      </class> <!-- VisDSLModule.TC013_Import_Page -->
    </test> <!-- TC013_Import_Page -->
    <test name="TC014_NewWorkOrder_Page" duration-ms="91614" started-at="2015-09-10T05:44:13Z" finished-at="2015-09-10T05:45:44Z">
      <class name="VisDSLModule.TC014_NewWorkOrder_Page">
        <test-method status="PASS" signature="bft()[pri:0, instance:VisDSLModule.TC014_NewWorkOrder_Page@29b15447]" name="bft" is-config="true" duration-ms="1603" started-at="2015-09-10T11:14:13Z" finished-at="2015-09-10T11:14:14Z">
          <reporter-output>
          </reporter-output>
        </test-method> <!-- bft -->
        <test-method status="PASS" signature="TOW_SignIn_Page()[pri:0, instance:VisDSLModule.TC014_NewWorkOrder_Page@29b15447]" name="TOW_SignIn_Page" duration-ms="42959" started-at="2015-09-10T11:14:14Z" finished-at="2015-09-10T11:14:57Z">
          <reporter-output>
            <line>
              <![CDATA[TC001_SignIn_Page : Alert popup - Mandatory Verification - PASSED]]>
            </line>
            <line>
              <![CDATA[TC001_SignIn_Page : Label Message - Invalid Data Verification - PASSED]]>
            </line>
          </reporter-output>
        </test-method> <!-- TOW_SignIn_Page -->
        <test-method status="PASS" signature="TOW_NewWorkOrder_Page()[pri:0, instance:VisDSLModule.TC014_NewWorkOrder_Page@29b15447]" name="TOW_NewWorkOrder_Page" duration-ms="45904" started-at="2015-09-10T11:14:57Z" finished-at="2015-09-10T11:15:43Z">
          <reporter-output>
            <line>
              <![CDATA[TC014_NewWorkOrder_Page : Alert popup - Mandatory Verification - PASSED]]>
            </line>
            <line>
              <![CDATA[TC014_NewWorkOrder_Page : Alert popup - Mandatory Verification - PASSED]]>
            </line>
          </reporter-output>
        </test-method> <!-- TOW_NewWorkOrder_Page -->
        <test-method status="PASS" signature="Aft()[pri:0, instance:VisDSLModule.TC014_NewWorkOrder_Page@29b15447]" name="Aft" is-config="true" duration-ms="1148" started-at="2015-09-10T11:15:43Z" finished-at="2015-09-10T11:15:44Z">
          <reporter-output>
          </reporter-output>
        </test-method> <!-- Aft -->
      </class> <!-- VisDSLModule.TC014_NewWorkOrder_Page -->
    </test> <!-- TC014_NewWorkOrder_Page -->
    <test name="TC015_Schedule_Page" duration-ms="207115" started-at="2015-09-10T05:45:44Z" finished-at="2015-09-10T05:49:12Z">
      <class name="VisDSLModule.TC015_Schedule_Page">
        <test-method status="PASS" signature="bft()[pri:0, instance:VisDSLModule.TC015_Schedule_Page@73b8dc93]" name="bft" is-config="true" duration-ms="1603" started-at="2015-09-10T11:15:44Z" finished-at="2015-09-10T11:15:46Z">
          <reporter-output>
          </reporter-output>
        </test-method> <!-- bft -->
        <test-method status="PASS" signature="TOW_SignIn_Page()[pri:0, instance:VisDSLModule.TC015_Schedule_Page@73b8dc93]" name="TOW_SignIn_Page" duration-ms="43049" started-at="2015-09-10T11:15:46Z" finished-at="2015-09-10T11:16:29Z">
          <reporter-output>
            <line>
              <![CDATA[TC001_SignIn_Page : Alert popup - Mandatory Verification - PASSED]]>
            </line>
            <line>
              <![CDATA[TC001_SignIn_Page : Label Message - Invalid Data Verification - PASSED]]>
            </line>
          </reporter-output>
        </test-method> <!-- TOW_SignIn_Page -->
        <test-method status="PASS" signature="TOW_Schedule_Page1()[pri:0, instance:VisDSLModule.TC015_Schedule_Page@73b8dc93]" name="TOW_Schedule_Page1" duration-ms="85251" started-at="2015-09-10T11:16:29Z" finished-at="2015-09-10T11:17:54Z">
          <reporter-output>
            <line>
              <![CDATA[TC015_Schedule_Page : Alert popup - Mandatory Verification - PASSED]]>
            </line>
          </reporter-output>
        </test-method> <!-- TOW_Schedule_Page1 -->
        <test-method status="PASS" signature="TOW_Schedule_Page2()[pri:0, instance:VisDSLModule.TC015_Schedule_Page@73b8dc93]" name="TOW_Schedule_Page2" duration-ms="76079" started-at="2015-09-10T11:17:54Z" finished-at="2015-09-10T11:19:10Z">
          <reporter-output>
          </reporter-output>
        </test-method> <!-- TOW_Schedule_Page2 -->
        <test-method status="PASS" signature="Aft()[pri:0, instance:VisDSLModule.TC015_Schedule_Page@73b8dc93]" name="Aft" is-config="true" duration-ms="1133" started-at="2015-09-10T11:19:10Z" finished-at="2015-09-10T11:19:12Z">
          <reporter-output>
          </reporter-output>
        </test-method> <!-- Aft -->
      </class> <!-- VisDSLModule.TC015_Schedule_Page -->
    </test> <!-- TC015_Schedule_Page -->
    <test name="TC016_PrintTOW_Page" duration-ms="216265" started-at="2015-09-10T05:49:12Z" finished-at="2015-09-10T05:52:48Z">
      <class name="VisDSLModule.TC016_PrintTOW_Page">
        <test-method status="PASS" signature="bft()[pri:0, instance:VisDSLModule.TC016_PrintTOW_Page@74a456bb]" name="bft" is-config="true" duration-ms="1712" started-at="2015-09-10T11:19:12Z" finished-at="2015-09-10T11:19:13Z">
          <reporter-output>
          </reporter-output>
        </test-method> <!-- bft -->
        <test-method status="PASS" signature="TOW_SignIn_Page()[pri:0, instance:VisDSLModule.TC016_PrintTOW_Page@74a456bb]" name="TOW_SignIn_Page" duration-ms="43061" started-at="2015-09-10T11:19:13Z" finished-at="2015-09-10T11:19:56Z">
          <reporter-output>
            <line>
              <![CDATA[TC001_SignIn_Page : Alert popup - Mandatory Verification - PASSED]]>
            </line>
            <line>
              <![CDATA[TC001_SignIn_Page : Label Message - Invalid Data Verification - PASSED]]>
            </line>
          </reporter-output>
        </test-method> <!-- TOW_SignIn_Page -->
        <test-method status="PASS" signature="PrintTOW_Page()[pri:0, instance:VisDSLModule.TC016_PrintTOW_Page@74a456bb]" name="PrintTOW_Page" duration-ms="170351" started-at="2015-09-10T11:19:56Z" finished-at="2015-09-10T11:22:47Z">
          <reporter-output>
            <line>
              <![CDATA[TC016_PrintTOW_Page : Alert popup - Mandatory Verification - PASSED]]>
            </line>
            <line>
              <![CDATA[TC016_PrintTOW_Page : Alert popup - Mandatory Verification - PASSED]]>
            </line>
            <line>
              <![CDATA[TC016_PrintTOW_Page : Alert popup - Mandatory Verification - PASSED]]>
            </line>
            <line>
              <![CDATA[TC016_PrintTOW_Page : Label Message - Invalid From Address - PASSED]]>
            </line>
            <line>
              <![CDATA[TC016_PrintTOW_Page : Label Message - Invalid To Address - PASSED]]>
            </line>
            <line>
              <![CDATA[TC016_PrintTOW_Page : Label Message - Invalid CC Address - PASSED]]>
            </line>
          </reporter-output>
        </test-method> <!-- PrintTOW_Page -->
        <test-method status="PASS" signature="Aft()[pri:0, instance:VisDSLModule.TC016_PrintTOW_Page@74a456bb]" name="Aft" is-config="true" duration-ms="1141" started-at="2015-09-10T11:22:47Z" finished-at="2015-09-10T11:22:48Z">
          <reporter-output>
          </reporter-output>
        </test-method> <!-- Aft -->
      </class> <!-- VisDSLModule.TC016_PrintTOW_Page -->
    </test> <!-- TC016_PrintTOW_Page -->
    <test name="TC018_Invoice_Contr_Page" duration-ms="157068" started-at="2015-09-10T05:52:48Z" finished-at="2015-09-10T05:55:25Z">
      <class name="VisDSLModule.TC018_Invoice_Contr_Page">
        <test-method status="PASS" signature="bft()[pri:0, instance:VisDSLModule.TC018_Invoice_Contr_Page@2be8ac6f]" name="bft" is-config="true" duration-ms="1505" started-at="2015-09-10T11:22:48Z" finished-at="2015-09-10T11:22:49Z">
          <reporter-output>
          </reporter-output>
        </test-method> <!-- bft -->
        <test-method status="PASS" signature="TOW_SignIn_Page()[pri:0, instance:VisDSLModule.TC018_Invoice_Contr_Page@2be8ac6f]" name="TOW_SignIn_Page" duration-ms="42846" started-at="2015-09-10T11:22:49Z" finished-at="2015-09-10T11:23:32Z">
          <reporter-output>
            <line>
              <![CDATA[TC001_SignIn_Page : Alert popup - Mandatory Verification - PASSED]]>
            </line>
            <line>
              <![CDATA[TC001_SignIn_Page : Label Message - Invalid Data Verification - PASSED]]>
            </line>
          </reporter-output>
        </test-method> <!-- TOW_SignIn_Page -->
        <test-method status="PASS" signature="UnApproved_PAGE()[pri:0, instance:VisDSLModule.TC018_Invoice_Contr_Page@2be8ac6f]" name="UnApproved_PAGE" duration-ms="41374" started-at="2015-09-10T11:23:32Z" finished-at="2015-09-10T11:24:14Z">
          <reporter-output>
            <line>
              <![CDATA[TC018_Invoice_Contr_Page : Label Message - Mandatory Verification - PASSED]]>
            </line>
            <line>
              <![CDATA[TC018_Invoice_Contr_Page : Label Message - Create Message Verification - PASSED]]>
            </line>
          </reporter-output>
        </test-method> <!-- UnApproved_PAGE -->
        <test-method status="PASS" signature="Approved_PAGE()[pri:0, instance:VisDSLModule.TC018_Invoice_Contr_Page@2be8ac6f]" name="Approved_PAGE" duration-ms="33328" started-at="2015-09-10T11:24:14Z" finished-at="2015-09-10T11:24:47Z">
          <reporter-output>
            <line>
              <![CDATA[TC018_Invoice_Contr_Page : Label Message - Save Message Verification - PASSED]]>
            </line>
          </reporter-output>
        </test-method> <!-- Approved_PAGE -->
        <test-method status="PASS" signature="Disputed_PAGE()[pri:0, instance:VisDSLModule.TC018_Invoice_Contr_Page@2be8ac6f]" name="Disputed_PAGE" duration-ms="16420" started-at="2015-09-10T11:24:47Z" finished-at="2015-09-10T11:25:03Z">
          <reporter-output>
          </reporter-output>
        </test-method> <!-- Disputed_PAGE -->
        <test-method status="PASS" signature="Resolved_PAGE()[pri:0, instance:VisDSLModule.TC018_Invoice_Contr_Page@2be8ac6f]" name="Resolved_PAGE" duration-ms="20439" started-at="2015-09-10T11:25:03Z" finished-at="2015-09-10T11:25:24Z">
          <reporter-output>
          </reporter-output>
        </test-method> <!-- Resolved_PAGE -->
        <test-method status="PASS" signature="Aft()[pri:0, instance:VisDSLModule.TC018_Invoice_Contr_Page@2be8ac6f]" name="Aft" is-config="true" duration-ms="1156" started-at="2015-09-10T11:25:24Z" finished-at="2015-09-10T11:25:25Z">
          <reporter-output>
          </reporter-output>
        </test-method> <!-- Aft -->
      </class> <!-- VisDSLModule.TC018_Invoice_Contr_Page -->
    </test> <!-- TC018_Invoice_Contr_Page -->
    <test name="TC019_Invoices_Client_Page" duration-ms="158399" started-at="2015-09-10T05:55:25Z" finished-at="2015-09-10T05:58:03Z">
      <class name="VisDSLModule.TC019_Invoices_Client_Page">
        <test-method status="PASS" signature="bft()[pri:0, instance:VisDSLModule.TC019_Invoices_Client_Page@1632dfd4]" name="bft" is-config="true" duration-ms="1220" started-at="2015-09-10T11:25:25Z" finished-at="2015-09-10T11:25:26Z">
          <reporter-output>
          </reporter-output>
        </test-method> <!-- bft -->
        <test-method status="PASS" signature="TOW_SignIn_Page()[pri:0, instance:VisDSLModule.TC019_Invoices_Client_Page@1632dfd4]" name="TOW_SignIn_Page" duration-ms="43111" started-at="2015-09-10T11:25:26Z" finished-at="2015-09-10T11:26:09Z">
          <reporter-output>
            <line>
              <![CDATA[TC001_SignIn_Page : Alert popup - Mandatory Verification - PASSED]]>
            </line>
            <line>
              <![CDATA[TC001_SignIn_Page : Label Message - Invalid Data Verification - PASSED]]>
            </line>
          </reporter-output>
        </test-method> <!-- TOW_SignIn_Page -->
        <test-method status="PASS" signature="Client_UnApproved_PAGE()[pri:0, instance:VisDSLModule.TC019_Invoices_Client_Page@1632dfd4]" name="Client_UnApproved_PAGE" duration-ms="56468" started-at="2015-09-10T11:26:09Z" finished-at="2015-09-10T11:27:06Z">
          <reporter-output>
            <line>
              <![CDATA[TC019_Invoices_Client_Page : Alert popup - Mandatory Verification - PASSED]]>
            </line>
          </reporter-output>
        </test-method> <!-- Client_UnApproved_PAGE -->
        <test-method status="PASS" signature="Client_Approved_PAGE()[pri:0, instance:VisDSLModule.TC019_Invoices_Client_Page@1632dfd4]" name="Client_Approved_PAGE" duration-ms="56446" started-at="2015-09-10T11:27:06Z" finished-at="2015-09-10T11:28:02Z">
          <reporter-output>
            <line>
              <![CDATA[TC019_Invoices_Client_Page : Label Message - Save Message Verification - PASSED]]>
            </line>
          </reporter-output>
        </test-method> <!-- Client_Approved_PAGE -->
        <test-method status="PASS" signature="Aft()[pri:0, instance:VisDSLModule.TC019_Invoices_Client_Page@1632dfd4]" name="Aft" is-config="true" duration-ms="1153" started-at="2015-09-10T11:28:02Z" finished-at="2015-09-10T11:28:03Z">
          <reporter-output>
          </reporter-output>
        </test-method> <!-- Aft -->
      </class> <!-- VisDSLModule.TC019_Invoices_Client_Page -->
    </test> <!-- TC019_Invoices_Client_Page -->
    <test name="TC021_Security_Page" duration-ms="164773" started-at="2015-09-10T05:58:03Z" finished-at="2015-09-10T06:00:48Z">
      <class name="VisDSLModule.TC021_Security_Page">
        <test-method status="PASS" signature="bft()[pri:0, instance:VisDSLModule.TC021_Security_Page@4b43cc20]" name="bft" is-config="true" duration-ms="3976" started-at="2015-09-10T11:28:03Z" finished-at="2015-09-10T11:28:07Z">
          <reporter-output>
          </reporter-output>
        </test-method> <!-- bft -->
        <test-method status="PASS" signature="TOW_SignIn_Page()[pri:0, instance:VisDSLModule.TC021_Security_Page@4b43cc20]" name="TOW_SignIn_Page" duration-ms="50236" started-at="2015-09-10T11:28:07Z" finished-at="2015-09-10T11:28:58Z">
          <reporter-output>
            <line>
              <![CDATA[TC001_SignIn_Page : Alert popup - Mandatory Verification - PASSED]]>
            </line>
            <line>
              <![CDATA[TC001_SignIn_Page : Label Message - Invalid Data Verification - PASSED]]>
            </line>
          </reporter-output>
        </test-method> <!-- TOW_SignIn_Page -->
        <test-method status="PASS" signature="TOW_Security_Page()[pri:0, instance:VisDSLModule.TC021_Security_Page@4b43cc20]" name="TOW_Security_Page" duration-ms="109357" started-at="2015-09-10T11:28:58Z" finished-at="2015-09-10T11:30:47Z">
          <reporter-output>
            <line>
              <![CDATA[TC021_Security_Page : Label Message - Mandatory Verfication - PASSED]]>
            </line>
            <line>
              <![CDATA[TC021_Security_Page : Label Message - Mandatory Verfication - PASSED]]>
            </line>
            <line>
              <![CDATA[TC021_Security_Page : Label Message - Mandatory Verfication - PASSED]]>
            </line>
            <line>
              <![CDATA[TC021_Security_Page : Label Message - Mandatory Verfication - PASSED]]>
            </line>
            <line>
              <![CDATA[TC021_Security_Page : Label Message - Mandatory Verfication - PASSED]]>
            </line>
            <line>
              <![CDATA[TC021_Security_Page : Label Message - Mandatory Verfication - PASSED]]>
            </line>
            <line>
              <![CDATA[TC021_Security_Page : Alert popup - Mandatory Verification - PASSED]]>
            </line>
          </reporter-output>
        </test-method> <!-- TOW_Security_Page -->
        <test-method status="PASS" signature="Aft()[pri:0, instance:VisDSLModule.TC021_Security_Page@4b43cc20]" name="Aft" is-config="true" duration-ms="1204" started-at="2015-09-10T11:30:47Z" finished-at="2015-09-10T11:30:48Z">
          <reporter-output>
          </reporter-output>
        </test-method> <!-- Aft -->
      </class> <!-- VisDSLModule.TC021_Security_Page -->
    </test> <!-- TC021_Security_Page -->
    <test name="TC022_MyAccount_Page" duration-ms="66530" started-at="2015-09-10T06:00:48Z" finished-at="2015-09-10T06:01:55Z">
      <class name="VisDSLModule.TC022_MyAccount_Page">
        <test-method status="PASS" signature="bft()[pri:0, instance:VisDSLModule.TC022_MyAccount_Page@5c986d35]" name="bft" is-config="true" duration-ms="3772" started-at="2015-09-10T11:30:48Z" finished-at="2015-09-10T11:30:52Z">
          <reporter-output>
          </reporter-output>
        </test-method> <!-- bft -->
        <test-method status="PASS" signature="TOW_SignIn_Page()[pri:0, instance:VisDSLModule.TC022_MyAccount_Page@5c986d35]" name="TOW_SignIn_Page" duration-ms="47920" started-at="2015-09-10T11:30:52Z" finished-at="2015-09-10T11:31:40Z">
          <reporter-output>
            <line>
              <![CDATA[TC001_SignIn_Page : Alert popup - Mandatory Verification - PASSED]]>
            </line>
            <line>
              <![CDATA[TC001_SignIn_Page : Label Message - Invalid Data Verification - PASSED]]>
            </line>
          </reporter-output>
        </test-method> <!-- TOW_SignIn_Page -->
        <test-method status="PASS" signature="TOW_MyAccount_Page()[pri:0, instance:VisDSLModule.TC022_MyAccount_Page@5c986d35]" name="TOW_MyAccount_Page" duration-ms="13654" started-at="2015-09-10T11:31:40Z" finished-at="2015-09-10T11:31:53Z">
          <reporter-output>
          </reporter-output>
        </test-method> <!-- TOW_MyAccount_Page -->
        <test-method status="PASS" signature="Aft()[pri:0, instance:VisDSLModule.TC022_MyAccount_Page@5c986d35]" name="Aft" is-config="true" duration-ms="1184" started-at="2015-09-10T11:31:53Z" finished-at="2015-09-10T11:31:55Z">
          <reporter-output>
          </reporter-output>
        </test-method> <!-- Aft -->
      </class> <!-- VisDSLModule.TC022_MyAccount_Page -->
    </test> <!-- TC022_MyAccount_Page -->
  </suite> <!-- Suite -->
</testng-results>
