<?xml version="1.0" encoding="UTF-8"?>
<!-- Generated by org.testng.reporters.JUnitXMLReporter -->
<testsuite hostname="CIS20" name="TC001_DesktopReports_PMO_Page" tests="1" failures="0" timestamp="5 Aug 2015 09:51:40 GMT" time="3131.292" errors="0">
  <testcase name="Optus_DesktopReports_PMO" time="3131.192" classname="executionEngine.TC001_DriverScript">
    <failure type="atu.testng.reports.exceptions.ATUReporterStepFailedException">
      <![CDATA[[ATU Custom Reporter Step Failed Exception]
	at atu.testng.reports.listeners.ATUReportsListener.onTestSuccess(Unknown Source)
... Removed 21 stack frames]]>
    </failure>
  </testcase> <!-- Optus_DesktopReports_PMO -->
</testsuite> <!-- TC001_DesktopReports_PMO_Page -->
