<?xml version="1.0" encoding="UTF-8"?>
<!-- Generated by org.testng.reporters.JUnitXMLReporter -->
<testsuite hostname="CIS20" name="TC004_DesktopReports_Delivery_Page" tests="1" failures="0" timestamp="5 Aug 2015 10:52:00 GMT" time="2104.066" errors="0">
  <testcase name="Optus_DesktopReports_Delivery" time="2104.06" classname="executionEngine.TC004_DriverScript">
    <failure type="atu.testng.reports.exceptions.ATUReporterStepFailedException">
      <![CDATA[[ATU Custom Reporter Step Failed Exception]
	at atu.testng.reports.listeners.ATUReportsListener.onTestSuccess(Unknown Source)
... Removed 21 stack frames]]>
    </failure>
  </testcase> <!-- Optus_DesktopReports_Delivery -->
</testsuite> <!-- TC004_DesktopReports_Delivery_Page -->
