<?xml version="1.0" encoding="UTF-8"?>
<!-- Generated by org.testng.reporters.JUnitXMLReporter -->
<testsuite hostname="CIS20" name="TC003_TOW_ScheduleItems_Page" tests="3" failures="0" timestamp="10 Sep 2015 05:25:21 GMT" time="118.57" errors="0">
  <testcase name="TOW_SignIn_Page" time="43.263" classname="VisDSLModule.TC003_TOW_ScheduleItems_Page"/>
  <testcase name="TOW_WorkOrder_Page" time="25.941" classname="VisDSLModule.TC003_TOW_ScheduleItems_Page"/>
  <testcase name="TOW_ScheduleItems_Page" time="46.726" classname="VisDSLModule.TC003_TOW_ScheduleItems_Page"/>
</testsuite> <!-- TC003_TOW_ScheduleItems_Page -->
