<?xml version="1.0" encoding="UTF-8"?>
<!-- Generated by org.testng.reporters.JUnitXMLReporter -->
<testsuite hostname="CIS20" name="TC004_TOW_Technical1_Page" tests="3" failures="0" timestamp="10 Sep 2015 05:27:09 GMT" time="108.035" errors="0">
  <testcase name="TOW_SignIn_Page" time="43.131" classname="VisDSLModule.TC004_TOW_Technical1_Page"/>
  <testcase name="TOW_WorkOrder_Page" time="26.258" classname="VisDSLModule.TC004_TOW_Technical1_Page"/>
  <testcase name="TOW_Technical1_Page" time="36.058" classname="VisDSLModule.TC004_TOW_Technical1_Page"/>
</testsuite> <!-- TC004_TOW_Technical1_Page -->
