<?xml version="1.0" encoding="UTF-8"?>
<!-- Generated by org.testng.reporters.JUnitXMLReporter -->
<testsuite hostname="CIS20" name="TC005_TOW_Technical2_Page" tests="3" failures="0" timestamp="10 Sep 2015 05:29:07 GMT" time="117.978" errors="0">
  <testcase name="TOW_SignIn_Page" time="43.07" classname="VisDSLModule.TC005_TOW_Technical2_Page"/>
  <testcase name="TOW_WorkOrder_Page" time="25.89" classname="VisDSLModule.TC005_TOW_Technical2_Page"/>
  <testcase name="TOW_Technical2_Page" time="46.305" classname="VisDSLModule.TC005_TOW_Technical2_Page"/>
</testsuite> <!-- TC005_TOW_Technical2_Page -->
