<?xml version="1.0" encoding="UTF-8"?>
<!-- Generated by org.testng.reporters.JUnitXMLReporter -->
<testsuite hostname="CIS20" name="TC008_TOW_NonStandInstall_Page" tests="3" failures="0" timestamp="10 Sep 2015 05:35:11 GMT" time="102.443" errors="0">
  <testcase name="TOW_SignIn_Page" time="43.1" classname="VisDSLModule.TC008_TOW_NonStandInstall_Page"/>
  <testcase name="TOW_WorkOrder_Page" time="25.808" classname="VisDSLModule.TC008_TOW_NonStandInstall_Page"/>
  <testcase name="TOW_NonstandInstall_Page" time="30.616" classname="VisDSLModule.TC008_TOW_NonStandInstall_Page"/>
</testsuite> <!-- TC008_TOW_NonStandInstall_Page -->
