<?xml version="1.0" encoding="UTF-8"?>
<!-- Generated by org.testng.reporters.JUnitXMLReporter -->
<testsuite hostname="CIS20" name="TC007_TOW_Stock_Page" tests="3" failures="0" timestamp="10 Sep 2015 05:33:28 GMT" time="148.872" errors="0">
  <testcase name="TOW_SignIn_Page" time="43.107" classname="VisDSLModule.TC007_TOW_Stock_Page"/>
  <testcase name="TOW_WorkOrder_Page" time="25.897" classname="VisDSLModule.TC007_TOW_Stock_Page"/>
  <testcase name="TOW_Stock_Page" time="77.107" classname="VisDSLModule.TC007_TOW_Stock_Page"/>
</testsuite> <!-- TC007_TOW_Stock_Page -->
