<?xml version="1.0" encoding="UTF-8"?>
<!-- Generated by org.testng.reporters.JUnitXMLReporter -->
<testsuite hostname="CIS20" name="TC015_Schedule_Page" tests="3" failures="0" timestamp="10 Sep 2015 05:49:12 GMT" time="207.115" errors="0">
  <testcase name="TOW_SignIn_Page" time="43.049" classname="VisDSLModule.TC015_Schedule_Page"/>
  <testcase name="TOW_Schedule_Page1" time="85.251" classname="VisDSLModule.TC015_Schedule_Page"/>
  <testcase name="TOW_Schedule_Page2" time="76.079" classname="VisDSLModule.TC015_Schedule_Page"/>
</testsuite> <!-- TC015_Schedule_Page -->
