<?xml version="1.0" encoding="UTF-8"?>
<!-- Generated by org.testng.reporters.JUnitXMLReporter -->
<testsuite hostname="CIS20" name="TC010_TOW_SendTOW_Page" tests="3" failures="0" timestamp="10 Sep 2015 05:40:08 GMT" time="133.27" errors="0">
  <testcase name="TOW_SignIn_Page" time="43.142" classname="VisDSLModule.TC010_TOW_SendTOW_Page"/>
  <testcase name="TOW_WorkOrder_Page" time="25.824" classname="VisDSLModule.TC010_TOW_SendTOW_Page"/>
  <testcase name="TOW_SendTOW_Page" time="61.552" classname="VisDSLModule.TC010_TOW_SendTOW_Page"/>
</testsuite> <!-- TC010_TOW_SendTOW_Page -->
