<?xml version="1.0" encoding="UTF-8"?>
<!-- Generated by org.testng.reporters.JUnitXMLReporter -->
<testsuite hostname="CIS46" name="Default test" tests="3" failures="0" timestamp="3 Sep 2015 05:14:10 GMT" time="208.364" errors="0">
  <testcase name="TOW_SignIn_Page" time="43.201" classname="VisDSLModule.TC015_Schedule_Page"/>
  <testcase name="TOW_Schedule_Page1" time="85.445" classname="VisDSLModule.TC015_Schedule_Page"/>
  <testcase name="TOW_Schedule_Page2" time="76.286" classname="VisDSLModule.TC015_Schedule_Page"/>
</testsuite> <!-- Default test -->
